$ python3 scripts/deploy-lending-fraxtal.py --markets
Password: 
tx broadcasted: 0xee4792ea06ed20e60e6a34ac549b2693cb012522a039e132ae83c1f12a69018d
/usr/lib/pypy3.10/functools.py:993: UserWarning: debug_traceTransaction not available! titanoboa will try hard to interact with the network, but this means that titanoboa is not able to do certain safety checks at runtime. it is recommended to switch to a node or provider with debug_traceTransaction.
  val = self.func(instance)
0xee4792ea06ed20e60e6a34ac549b2693cb012522a039e132ae83c1f12a69018d mined in block 0x1bb415a3546a4a12c86498d4a939bf7ac8225be5d3a97a4860d945f26bd80009!
contract deployed at 0x59CfFdC8cf8b9b71D91Da6de480c957993020E8A
tx broadcasted: 0xb9af90b92e990a8777db1794a95952d84f3f8b84baf2c30e7f9ac8005fb19e0e
0xb9af90b92e990a8777db1794a95952d84f3f8b84baf2c30e7f9ac8005fb19e0e mined in block 0xb0d186eafa7369f2d63205e512ae6b6fc7baba32e8ff58c8f0993527ffdf27a6!
contract deployed at 0x7002B727Ef8F5571Cb5F9D70D13DBEEb4dFAe9d1
tx broadcasted: 0xb73ddb27e2d20995cb069db756b923132714367bb6d5e7f4b606e4ebb818d532
0xb73ddb27e2d20995cb069db756b923132714367bb6d5e7f4b606e4ebb818d532 mined in block 0x8c7f9a9bc75aedc2371f1137b39f8841029bd2a20fe0b1248d4bbd51c9b6fa2e!
contract deployed at 0xc1DB00a8E5Ef7bfa476395cdbcc98235477cDE4E
tx broadcasted: 0x52fe61a30a8bf67259eb56cef26d4624d91ed4fe0ca802b98a51e956156827a5
0x52fe61a30a8bf67259eb56cef26d4624d91ed4fe0ca802b98a51e956156827a5 mined in block 0xec832c907d6813755006dcd267df233b0f720cd1dca7129343944761ebde48b3!
contract deployed at 0x0cD5A1e9E19Af1f1b910Ac3C3452A16B2B37155b
tx broadcasted: 0x8191c76fe8d0e2e8891143cf705e9583c762bd56abf105372710086af570a930
0x8191c76fe8d0e2e8891143cf705e9583c762bd56abf105372710086af570a930 mined in block 0x2d0690116b7196156e57e0329fd691067bf318c2109bb73569761eda1b641d0f!
contract deployed at 0x86D347cE5f1E6f7Ef4Da00FB7c8d31fBD16996F0
tx broadcasted: 0x89b3910cd11abfb0436878a968dede90fc73c7fed35494802d13feb72b0dcfac
0x89b3910cd11abfb0436878a968dede90fc73c7fed35494802d13feb72b0dcfac mined in block 0xfbd7c5f287ad55e9a334e0b90745b4376806fd550651b9457af11563403febf7!
contract deployed at 0xf3c9bdAB17B7016fBE3B77D17b1602A7db93ac66
Deployed contracts:
==========================
AMM implementation: 0x59CfFdC8cf8b9b71D91Da6de480c957993020E8A
Controller implementation: 0x7002B727Ef8F5571Cb5F9D70D13DBEEb4dFAe9d1
Vault implementation: 0xc1DB00a8E5Ef7bfa476395cdbcc98235477cDE4E
Pool price oracle implementation: 0x0cD5A1e9E19Af1f1b910Ac3C3452A16B2B37155b
Monetary Policy implementation: 0x86D347cE5f1E6f7Ef4Da00FB7c8d31fBD16996F0
Factory: 0xf3c9bdAB17B7016fBE3B77D17b1602A7db93ac66
==========================
tx broadcasted: 0x3e7cecae0ec0a70f29e4afaf1fb0d95c1c174452c35a03357c53ed7a5d631e9f
0x3e7cecae0ec0a70f29e4afaf1fb0d95c1c174452c35a03357c53ed7a5d631e9f mined in block 0x9f28b3a44ebf877cd1d0b38f5679096b2526e03e7b8f02625c37ce7f08de6189!
tx broadcasted: 0x0eed76fc0553ca777e7888d9d2b7d8a803208d36cd4c6dfb082532a9f5e51647
0x0eed76fc0553ca777e7888d9d2b7d8a803208d36cd4c6dfb082532a9f5e51647 mined in block 0xbb38ae9a7c75925f2aecbc0848433b0ca89b42e3664c5b378931d52478b3501d!
Vault sfrxETH: 0x279A23349Fa48Ea5215D31666aFF359DBBec1404, salt: 11015aef24372006464cc26b7d55ff2efa5fa8bfcf33cc6f6caf896465657ecb
tx broadcasted: 0xffd833bea422dfb1b7df787de6590af9c6fd2215cf52ac710a64a62f06823573
0xffd833bea422dfb1b7df787de6590af9c6fd2215cf52ac710a64a62f06823573 mined in block 0xe8e976c0ca00f00ae67fac4f336d39bf0f1e30dfb68d5639a8d7b1d1a3d99bc7!
tx broadcasted: 0x53b0209b10b13fd9f39780e341988bd7c83edb6674ba12d42b0d417e70e785e7
0x53b0209b10b13fd9f39780e341988bd7c83edb6674ba12d42b0d417e70e785e7 mined in block 0x638f73d9b244916dfe6c566019215853a76c8118043a21b72948950b17b23426!
Vault sFRAX: 0x0Edf4a3762Deb5329ECdbDEDA98d287aE41fbB7e, salt: 3e30cd6e626cf5315b13a858315a19f08bc494513df15f611f1b7e918fb012de
tx broadcasted: 0x6843523b22c6d40a6868d16dc83c93372a60e7ec5718d02a71b07da9d0028920
0x6843523b22c6d40a6868d16dc83c93372a60e7ec5718d02a71b07da9d0028920 mined in block 0xcde62f9267f43972b925b55fffcac5cb4fae60cb32e231702801af8de7c6ae22!
tx broadcasted: 0x64fcf30a279d42a7a30273dca17a222569c371db024145af20cc9896d48836dd
0x64fcf30a279d42a7a30273dca17a222569c371db024145af20cc9896d48836dd mined in block 0x745856861242af281d6a9db101e43a472e8a2a9a9fbe6bc199cc91210afe38ee!
Vault FXS: 0xa7573CBD8738Ed268B931B038079f993e78D4216, salt: 216278cec0edf5e8bf2948f90eafe1af90badbcb327526b24611f18ac77f5dd3
tx broadcasted: 0x1838e85f4309043dd4e242ad3b5ca839b4f8e319f1822ea9711c6d3d0d2190b7
0x1838e85f4309043dd4e242ad3b5ca839b4f8e319f1822ea9711c6d3d0d2190b7 mined in block 0x27cbd44bf2d5192c24ee6f8dcbd9f17eb75666aed73c9896ea1ce601428b7f6b!
tx broadcasted: 0x4b0aca1c43e28868b459143c2a4bd00b7dec509df7c16d8b790efff534b668bd
0x4b0aca1c43e28868b459143c2a4bd00b7dec509df7c16d8b790efff534b668bd mined in block 0x91d8a2b1ad2dfb2df430e9545ac06524c764f592c4541260c2e9ee59fc44f476!
Vault CRV: 0x040eFC9A141D7Fa47745751C253E02D065C90bDB, salt: a70bc208f692fb5aa90656131fb7de9dc0bd5d85043a6d5f4c43e431df22eb5c
Deploying on Ethereum with salt: 11015aef24372006464cc26b7d55ff2efa5fa8bfcf33cc6f6caf896465657ecb
tx broadcasted: 0x6d919c4e6625de4c1bf72f913cf38d3cefebc9af19d907ed080985e0baab6897
0x6d919c4e6625de4c1bf72f913cf38d3cefebc9af19d907ed080985e0baab6897 mined in block 0x57e40e90223fbb5e783a86968e4a405a61edce4f57b11d8cad56fd5137cf9d48!
Deploying on Ethereum with salt: 3e30cd6e626cf5315b13a858315a19f08bc494513df15f611f1b7e918fb012de
tx broadcasted: 0xe7387f9e488f9803b15ed0040b50a8efc7786638375e9cd580fef034104c7f70
0xe7387f9e488f9803b15ed0040b50a8efc7786638375e9cd580fef034104c7f70 mined in block 0xdb05930cae6cc8eaddf6133e24f9836691490a7805cb1df1b0ae9a9ad5f4c7fc!
Deploying on Ethereum with salt: 216278cec0edf5e8bf2948f90eafe1af90badbcb327526b24611f18ac77f5dd3
tx broadcasted: 0x3a804794d7e989625816857d695e09c2f92b8690b057b675615a1262be0bb5d8
0x3a804794d7e989625816857d695e09c2f92b8690b057b675615a1262be0bb5d8 mined in block 0x60367307b2a6b45b1ee332d8be9c71c33f53e03abf8fe7814bcccacacb5905ad!
Deploying on Ethereum with salt: a70bc208f692fb5aa90656131fb7de9dc0bd5d85043a6d5f4c43e431df22eb5c
tx broadcasted: 0xc7cce0331caa055350e31004cf47cd7ab36d0c64ed510c58fd7d54f6b320dfd0
0xc7cce0331caa055350e31004cf47cd7ab36d0c64ed510c58fd7d54f6b320dfd0 mined in block 0x1877838ab13978eba44b1403236c8375636c3a7b432bb60e5f6c3e287337dabf!
