tx broadcasted: 0xabc06f93cc84120167f128c1c0705cf4271882f099aeb3551e9fd64f316b9f3d
0xabc06f93cc84120167f128c1c0705cf4271882f099aeb3551e9fd64f316b9f3d mined in block 0xc87f2a47a87a90e800164da26fe0b20c24846de976d51115dde1f3bea38a41e8!
contract deployed at 0xD8F49c747AED8D394F6f1841546E2B83E09A357D

Policy staked deployed at 0xD8F49c747AED8D394F6f1841546E2B83E09A357D

Saving candle for: 0x100daa78fc509db39ef7d04de0c1abd299f4c6ce
tx broadcasted: 0x71f02b023073bae1a7b60d398b5ef98f05035e08bafadd976d00a22637d4c293
0x71f02b023073bae1a7b60d398b5ef98f05035e08bafadd976d00a22637d4c293 mined in block 0x8c74627855763a3bfeb04da2ae71dd86fa56978155ca5aacb84950ff66862e43!
Saving candle for: 0xec0820efafc41d8943ee8de495fc9ba8495b15cf
tx broadcasted: 0x451a4e0330495f59dcff481f9003840fad8146fe920ace1fd2b51b74be00f033
0x451a4e0330495f59dcff481f9003840fad8146fe920ace1fd2b51b74be00f033 mined in block 0x499bb5b0c9a346a8a5579ba63b2af74b317d5ed460b28299be4c2f706bb68ac8!
tx broadcasted: 0x587caeb728644a401f04afc99c727838bf63dd69e9b5e11565fc9ccb019010b0
0x587caeb728644a401f04afc99c727838bf63dd69e9b5e11565fc9ccb019010b0 mined in block 0x1115250ebd53439b7bff91a5c590cf8229232770fca544ed3154df7f107eebe5!

tx broadcasted: 0x15aa8442496fb11adb91d51a4dfb23688f8394a50efb8f29cd9b617f771b2fe3
0x15aa8442496fb11adb91d51a4dfb23688f8394a50efb8f29cd9b617f771b2fe3 mined in block 0x0cf10309bcf5956a0d2023eb28f2dcbe3198b92a69b4799194294bd758ff5d96!
contract deployed at 0x8c5A7F011f733fBb0A6c969c058716d5CE9bc933

Policy plain deployed at 0x8c5A7F011f733fBb0A6c969c058716d5CE9bc933

Saving candle for: 0x4e59541306910ad6dc1dac0ac9dfb29bd9f15c67
tx broadcasted: 0x4aa9b8851fc783a730e0c7dda971cd04907be0b291e8e34804f1d4c65cc19e95
0x4aa9b8851fc783a730e0c7dda971cd04907be0b291e8e34804f1d4c65cc19e95 mined in block 0x01254751911ae159f04a718e659c1d9bdce64d9cb66794c2326b4b2f59200eb8!
Saving candle for: 0xa920de414ea4ab66b97da1bfe9e6eca7d4219635
tx broadcasted: 0x28204e9c295566885c15f1e072b893d2616c6795216c86d0bf095ef5e7789a20
0x28204e9c295566885c15f1e072b893d2616c6795216c86d0bf095ef5e7789a20 mined in block 0x9d0e80886868364369f9827db35d0285273b59e6628d4d2e23bb4dc39571bd96!
Saving candle for: 0x1c91da0223c763d2e0173243eadaa0a2ea47e704
tx broadcasted: 0x8bc0073421fbf5596debf0472d731f771ac5fbb887a486713fe40e9e3083c344
0x8bc0073421fbf5596debf0472d731f771ac5fbb887a486713fe40e9e3083c344 mined in block 0x2697bf7989efbeef51872decc6d4b64309c54f59c28c9df1db8ad3866b436e4b!
tx broadcasted: 0x0e6f8096bc7c6410613e89706af6d6c41096c56cefb420429dc2604b0ce333b3
0x0e6f8096bc7c6410613e89706af6d6c41096c56cefb420429dc2604b0ce333b3 mined in block 0x34edc431c0e85124e542b8b17fee7d575fc00618f6cc4ee0ef5504937b98533c!
