$ ape run scripts/ape-deploy-deleverage-zaps.py deploy --network ethereum:mainnet:alchemy
Enter passphrase to permanently unlock 'babe':
WARNING: Danger! This account will now sign any transaction it's given.
WARNING: Using cached key for babe
INFO: Submitted https://etherscan.io/tx/0x94ac333c7237f052290d666db2cf28dc8de99b4c6281c7c173e3c5d6c1683c7b
Confirmations (2/2): 100%|███████████████████████████████████████████████████████████████████████████████████████████████████| 2/2 [00:25<00:00, 12.82s/it]
INFO: Confirmed 0x94ac333c7237f052290d666db2cf28dc8de99b4c6281c7c173e3c5d6c1683c7b (total fees paid = 40462277296978001)
SUCCESS: Contract 'DeleverageZap' deployed to: 0xF113929F69FAbE165A2280CaC00c5f77196Aa34C
WARNING: Using cached key for babe
INFO: Submitted https://etherscan.io/tx/0xdf12a88156621cd72847b19e3ae2f5d23582be0a7635e09e47fec0a039ef8285
Confirmations (2/2): 100%|███████████████████████████████████████████████████████████████████████████████████████████████████| 2/2 [00:25<00:00, 12.69s/it]
INFO: Confirmed 0xdf12a88156621cd72847b19e3ae2f5d23582be0a7635e09e47fec0a039ef8285 (total fees paid = 38533835013579612)
SUCCESS: Contract 'DeleverageZap' deployed to: 0x600E571106C31c4Ca1bF4177bA808E37146A4A0C
WARNING: Using cached key for babe
INFO: Submitted https://etherscan.io/tx/0xd7569f03ce8b851bdc72bff55ce7bc81e13773ea45e6d2a288e6ed2f7c2b2f1d
Confirmations (2/2): 100%|███████████████████████████████████████████████████████████████████████████████████████████████████| 2/2 [00:25<00:00, 12.81s/it]
INFO: Confirmed 0xd7569f03ce8b851bdc72bff55ce7bc81e13773ea45e6d2a288e6ed2f7c2b2f1d (total fees paid = 34626494631396189)
SUCCESS: Contract 'DeleverageZap' deployed to: 0xb911D7e59BA82FDF477a2Ab22Ff25125072C9282
WARNING: Using cached key for babe
INFO: Submitted https://etherscan.io/tx/0xfad8c7630c5c85136eadce08cf49bc53d5e271e40b02b1719b0ac6c707f872be
Confirmations (2/2): 100%|███████████████████████████████████████████████████████████████████████████████████████████████████| 2/2 [00:26<00:00, 13.08s/it]
INFO: Confirmed 0xfad8c7630c5c85136eadce08cf49bc53d5e271e40b02b1719b0ac6c707f872be (total fees paid = 31364419542832206)
SUCCESS: Contract 'DeleverageZap' deployed to: 0x9bE82CdDB5c266E010C97e4B1B5B2DF53C16384d
WARNING: Using cached key for babe
INFO: Submitted https://etherscan.io/tx/0x99c87fd2c0312e3afc6800def551efbdf3bd16754d1b5ffe85459b2006918928
Confirmations (2/2): 100%|███████████████████████████████████████████████████████████████████████████████████████████████████| 2/2 [00:25<00:00, 12.77s/it]
INFO: Confirmed 0x99c87fd2c0312e3afc6800def551efbdf3bd16754d1b5ffe85459b2006918928 (total fees paid = 41157045480853419)
SUCCESS: Contract 'DeleverageZap' deployed to: 0x2bc706B83aB08d0437b8A397242C3284B5f81D74
WARNING: Using cached key for babe
INFO: Submitted https://etherscan.io/tx/0x59da24f268b9d9ed06d9e8701d48ed0adc0633db0762001d07e224aea09dec25
Confirmations (2/2): 100%|███████████████████████████████████████████████████████████████████████████████████████████████████| 2/2 [00:25<00:00, 12.93s/it]
INFO: Confirmed 0x59da24f268b9d9ed06d9e8701d48ed0adc0633db0762001d07e224aea09dec25 (total fees paid = 38822505094342134)
SUCCESS: Contract 'DeleverageZap' deployed to: 0xAA25a6Fa9e4dADaE0d3EE59bEA19fbcf0284830C
========================
sfrxETH:            0xF113929F69FAbE165A2280CaC00c5f77196Aa34C
wstETH:             0x600E571106C31c4Ca1bF4177bA808E37146A4A0C
WBTC:               0xb911D7e59BA82FDF477a2Ab22Ff25125072C9282
WETH:               0x9bE82CdDB5c266E010C97e4B1B5B2DF53C16384d
sfrxETH2:           0x2bc706B83aB08d0437b8A397242C3284B5f81D74
tBTC:               0xAA25a6Fa9e4dADaE0d3EE59bEA19fbcf0284830C
