Deploying stablecoin
INFO: Compiling 'AMM.vy'.
INFO: Compiling 'Stableswap.vy'.
Using cached key for 'babe'
INFO: Submitted 0xadfccd8abb679b1ce0732b426bc5d259d2ce5bdcba550c311a91eb55582e0dca
etherscan URL: https://etherscan.io/tx/0xadfccd8abb679b1ce0732b426bc5d259d2ce5bdcba550c311a91eb55582e0dca
Confirmations (2/2): 100%|██████████████████████████████████████████████████████████████████████████████████████████████████████████| 2/2 [00:43<00:00, 21.60s/it]
INFO: Confirmed 0xadfccd8abb679b1ce0732b426bc5d259d2ce5bdcba550c311a91eb55582e0dca (total fees paid = 75823858170721463)
SUCCESS: Contract 'Stablecoin' deployed to: 0xEf1385D2b5dc6D14d5fecB86D53CdBefeCA20fcC
Deploying factory
Using cached key for 'babe'
INFO: Submitted 0xe378805be95645909d2dbdfdaa7b7626b5158a271403eacbd043e92a17730e81
etherscan URL: https://etherscan.io/tx/0xe378805be95645909d2dbdfdaa7b7626b5158a271403eacbd043e92a17730e81
Confirmations (2/2): 100%|██████████████████████████████████████████████████████████████████████████████████████████████████████████| 2/2 [00:24<00:00, 12.33s/it]
INFO: Confirmed 0xe378805be95645909d2dbdfdaa7b7626b5158a271403eacbd043e92a17730e81 (total fees paid = 134462290430264521)
SUCCESS: Contract 'ControllerFactory' deployed to: 0xFa3E2db8EB6c646e0d24046c1a185934d41a8F7a
Deploying Controller and AMM implementations
Using cached key for 'babe'
INFO: Submitted 0x0c8c491a4dcec3b8f5d1a864d74dff9f2d2ef8ce7a38f0eaa55fb950027d2165
etherscan URL: https://etherscan.io/tx/0x0c8c491a4dcec3b8f5d1a864d74dff9f2d2ef8ce7a38f0eaa55fb950027d2165
Confirmations (2/2): 100%|██████████████████████████████████████████████████████████████████████████████████████████████████████████| 2/2 [00:24<00:00, 12.31s/it]
INFO: Confirmed 0x0c8c491a4dcec3b8f5d1a864d74dff9f2d2ef8ce7a38f0eaa55fb950027d2165 (total fees paid = 491554795337313488)
blueprint deployed at: 0x36fB071d5D30e5207Ecc010c0eA3cc9Ad75838A8
Using cached key for 'babe'
INFO: Submitted 0xf0e6892826c9744b37cf82ded64608980ccb7751d796fe1f4635f634491231c6
etherscan URL: https://etherscan.io/tx/0xf0e6892826c9744b37cf82ded64608980ccb7751d796fe1f4635f634491231c6
Confirmations (2/2): 100%|██████████████████████████████████████████████████████████████████████████████████████████████████████████| 2/2 [00:30<00:00, 15.44s/it]
INFO: Confirmed 0xf0e6892826c9744b37cf82ded64608980ccb7751d796fe1f4635f634491231c6 (total fees paid = 502416259641523524)
blueprint deployed at: 0xc0bD9eB88840ee181C5cadf0a2914D41a403007a
Setting implementations in the factory
Using cached key for 'babe'
INFO: Submitted 0xe2d2f0d6fb30a8bc14ad0aa12cfcb24f6272f08083e73c0983e5100e20a368e1
etherscan URL: https://etherscan.io/tx/0xe2d2f0d6fb30a8bc14ad0aa12cfcb24f6272f08083e73c0983e5100e20a368e1
Confirmations (2/2): 100%|██████████████████████████████████████████████████████████████████████████████████████████████████████████| 2/2 [00:24<00:00, 12.49s/it]
INFO: Confirmed 0xe2d2f0d6fb30a8bc14ad0aa12cfcb24f6272f08083e73c0983e5100e20a368e1 (total fees paid = 8709143081588201)
Using cached key for 'babe'
INFO: Submitted 0x6d4398bc220adff1c17c98543393d503383d94542097732b9ff58b3d9287cced
etherscan URL: https://etherscan.io/tx/0x6d4398bc220adff1c17c98543393d503383d94542097732b9ff58b3d9287cced
Confirmations (2/2): 100%|██████████████████████████████████████████████████████████████████████████████████████████████████████████| 2/2 [00:24<00:00, 12.31s/it]
INFO: Confirmed 0x6d4398bc220adff1c17c98543393d503383d94542097732b9ff58b3d9287cced (total fees paid = 2614324233735088)
Using cached key for 'babe'
INFO: Submitted 0x921e3d1adddb6f2f6bb9955350f2a1f6c800dc69f577917eac4e26b48243a4ea
etherscan URL: https://etherscan.io/tx/0x921e3d1adddb6f2f6bb9955350f2a1f6c800dc69f577917eac4e26b48243a4ea
Confirmations (2/2): 100%|██████████████████████████████████████████████████████████████████████████████████████████████████████████| 2/2 [00:24<00:00, 12.31s/it]
INFO: Confirmed 0x921e3d1adddb6f2f6bb9955350f2a1f6c800dc69f577917eac4e26b48243a4ea (total fees paid = 297649489255008075)
SUCCESS: Contract 'StableswapFactory' deployed to: 0x0145FD99F1dd6e2491e44FCA608C481c9C5B97a9
Using cached key for 'babe'
INFO: Submitted 0x7420459918a877d0e84864a988d8c0fa3a28e0bd6a055b816c44cfe35ae02101
etherscan URL: https://etherscan.io/tx/0x7420459918a877d0e84864a988d8c0fa3a28e0bd6a055b816c44cfe35ae02101
Confirmations (2/2): 100%|██████████████████████████████████████████████████████████████████████████████████████████████████████████| 2/2 [00:24<00:00, 12.31s/it]
INFO: Confirmed 0x7420459918a877d0e84864a988d8c0fa3a28e0bd6a055b816c44cfe35ae02101 (total fees paid = 4993285049389935)
Using cached key for 'babe'
INFO: Submitted 0xc635a873a34ae1776cd7a50b7bc15030baf361fcafc9e6b45f0bc34d80b0da53
etherscan URL: https://etherscan.io/tx/0xc635a873a34ae1776cd7a50b7bc15030baf361fcafc9e6b45f0bc34d80b0da53
Confirmations (2/2): 100%|██████████████████████████████████████████████████████████████████████████████████████████████████████████| 2/2 [00:24<00:00, 12.37s/it]
INFO: Confirmed 0xc635a873a34ae1776cd7a50b7bc15030baf361fcafc9e6b45f0bc34d80b0da53 (total fees paid = 133853688735134952)
SUCCESS: Contract 'OwnerProxy' deployed to: 0x69AAfFF1218Ba086aC782F98cb8399d1226e2af3
Using cached key for 'babe'
INFO: Submitted 0xd203a56be015e04405ae97d49aa0ba9ca04b636d9d537c179c1105001ded139b
etherscan URL: https://etherscan.io/tx/0xd203a56be015e04405ae97d49aa0ba9ca04b636d9d537c179c1105001ded139b
Confirmations (2/2): 100%|██████████████████████████████████████████████████████████████████████████████████████████████████████████| 2/2 [00:24<00:00, 12.31s/it]
INFO: Confirmed 0xd203a56be015e04405ae97d49aa0ba9ca04b636d9d537c179c1105001ded139b (total fees paid = 4474630693036980)
Using cached key for 'babe'
INFO: Submitted 0x991d6cdb1423e0b772818ce94dd17fbe00e2eca8ffdc230e1641c46815a0dc9b
etherscan URL: https://etherscan.io/tx/0x991d6cdb1423e0b772818ce94dd17fbe00e2eca8ffdc230e1641c46815a0dc9b
Confirmations (2/2): 100%|██████████████████████████████████████████████████████████████████████████████████████████████████████████| 2/2 [00:24<00:00, 12.43s/it]
INFO: Confirmed 0x991d6cdb1423e0b772818ce94dd17fbe00e2eca8ffdc230e1641c46815a0dc9b (total fees paid = 2994204614192905)
Using cached key for 'babe'
INFO: Submitted 0xb4e591f4de1344baaf5b000eaecdcbb4407b09aa5bdb52dcde943892f93eeabf
etherscan URL: https://etherscan.io/tx/0xb4e591f4de1344baaf5b000eaecdcbb4407b09aa5bdb52dcde943892f93eeabf
Confirmations (2/2): 100%|██████████████████████████████████████████████████████████████████████████████████████████████████████████| 2/2 [00:24<00:00, 12.35s/it]
INFO: Confirmed 0xb4e591f4de1344baaf5b000eaecdcbb4407b09aa5bdb52dcde943892f93eeabf (total fees paid = 378170528231411517)
SUCCESS: Contract 'Stableswap' deployed to: 0xb9f861B7755Ff09cFD65CfE262D19823607b1f24
Using cached key for 'babe'
INFO: Submitted 0x6c3dbec18ff36c26743cbb856659cbb43850a8c4b98516f977d433d6d28371d9
etherscan URL: https://etherscan.io/tx/0x6c3dbec18ff36c26743cbb856659cbb43850a8c4b98516f977d433d6d28371d9
Confirmations (2/2): 100%|██████████████████████████████████████████████████████████████████████████████████████████████████████████| 2/2 [00:24<00:00, 12.50s/it]
INFO: Confirmed 0x6c3dbec18ff36c26743cbb856659cbb43850a8c4b98516f977d433d6d28371d9 (total fees paid = 5382527279567791)
Using cached key for 'babe'
INFO: Submitted 0x6b6b7414f61f793091b1ee6ead0d9e72a465ade27d554926dcbbffda8c76e4a4
etherscan URL: https://etherscan.io/tx/0x6b6b7414f61f793091b1ee6ead0d9e72a465ade27d554926dcbbffda8c76e4a4
Confirmations (2/2): 100%|██████████████████████████████████████████████████████████████████████████████████████████████████████████| 2/2 [00:24<00:00, 12.31s/it]
INFO: Confirmed 0x6b6b7414f61f793091b1ee6ead0d9e72a465ade27d554926dcbbffda8c76e4a4 (total fees paid = 5231397835861760)
Using cached key for 'babe'
INFO: Submitted 0xaf3dcd34db891e1b8d428f3d416e8a0dd30637d9b9cb732f66018741be98108a
etherscan URL: https://etherscan.io/tx/0xaf3dcd34db891e1b8d428f3d416e8a0dd30637d9b9cb732f66018741be98108a
Confirmations (2/2): 100%|██████████████████████████████████████████████████████████████████████████████████████████████████████████| 2/2 [00:24<00:00, 12.35s/it]
INFO: Confirmed 0xaf3dcd34db891e1b8d428f3d416e8a0dd30637d9b9cb732f66018741be98108a (total fees paid = 9926851680176970)
Using cached key for 'babe'
INFO: Submitted 0x45133d6e87a11e114be32345ec91a983d9ccfa92fd1f8899793b6f787ee191b2
etherscan URL: https://etherscan.io/tx/0x45133d6e87a11e114be32345ec91a983d9ccfa92fd1f8899793b6f787ee191b2
Confirmations (2/2): 100%|██████████████████████████████████████████████████████████████████████████████████████████████████████████| 2/2 [00:24<00:00, 12.38s/it]
INFO: Confirmed 0x45133d6e87a11e114be32345ec91a983d9ccfa92fd1f8899793b6f787ee191b2 (total fees paid = 3998017174975807)
Using cached key for 'babe'
INFO: Submitted 0x11fa308132f07f0272e1228ac53f0fca94f58093738be1d49b5cbd8d24031cf8
etherscan URL: https://etherscan.io/tx/0x11fa308132f07f0272e1228ac53f0fca94f58093738be1d49b5cbd8d24031cf8
Confirmations (2/2): 100%|██████████████████████████████████████████████████████████████████████████████████████████████████████████| 2/2 [00:24<00:00, 12.44s/it]
INFO: Confirmed 0x11fa308132f07f0272e1228ac53f0fca94f58093738be1d49b5cbd8d24031cf8 (total fees paid = 22117444897228668)
Deploying a stablecoin pool with USDC (0xA0b86991c6218b36c1d19D4a2e9Eb0cE3606eB48)
Using cached key for 'babe'
INFO: Submitted 0x79766cbb7574132bd183fc55b04aa662d7c7605d18bfebf3e24824e6b02d02c2
etherscan URL: https://etherscan.io/tx/0x79766cbb7574132bd183fc55b04aa662d7c7605d18bfebf3e24824e6b02d02c2
Confirmations (2/2): 100%|██████████████████████████████████████████████████████████████████████████████████████████████████████████| 2/2 [00:24<00:00, 12.33s/it]
INFO: Confirmed 0x79766cbb7574132bd183fc55b04aa662d7c7605d18bfebf3e24824e6b02d02c2 (total fees paid = 90941751070634795)
Stablecoin pool crvUSD/USDC is deployed at 0xA0acBe2b7f8D337D139DAC65161005d7B6991cd5
Deploying a stablecoin pool with USDT (0xdAC17F958D2ee523a2206206994597C13D831ec7)
Using cached key for 'babe'
INFO: Submitted 0x5e71ab4be05fffc92522e9f10effc1d9909d600f9cce31544579f8aafae304d7
etherscan URL: https://etherscan.io/tx/0x5e71ab4be05fffc92522e9f10effc1d9909d600f9cce31544579f8aafae304d7
Confirmations (2/2): 100%|██████████████████████████████████████████████████████████████████████████████████████████████████████████| 2/2 [00:24<00:00, 12.31s/it]
INFO: Confirmed 0x5e71ab4be05fffc92522e9f10effc1d9909d600f9cce31544579f8aafae304d7 (total fees paid = 85617955432380450)
Stablecoin pool crvUSD/USDT is deployed at 0x6F333fD5642eBc96040dF684489Db550e788E9Ed
Deploying a stablecoin pool with USDP (0x8E870D67F660D95d5be530380D0eC0bd388289E1)
Using cached key for 'babe'
INFO: Submitted 0x8ce0fe90eae9b2cd409e50a6d822dfe9f02763f034b36aaef9484ec4e7dfdccc
etherscan URL: https://etherscan.io/tx/0x8ce0fe90eae9b2cd409e50a6d822dfe9f02763f034b36aaef9484ec4e7dfdccc
Confirmations (2/2): 100%|██████████████████████████████████████████████████████████████████████████████████████████████████████████| 2/2 [00:24<00:00, 12.46s/it]
INFO: Confirmed 0x8ce0fe90eae9b2cd409e50a6d822dfe9f02763f034b36aaef9484ec4e7dfdccc (total fees paid = 84591001136342310)
Stablecoin pool crvUSD/USDP is deployed at 0x1C38B42595F7bfAD1987e06866a2641ea1159948
Deploying a stablecoin pool with TUSD (0x0000000000085d4780B73119b644AE5ecd22b376)
Using cached key for 'babe'
INFO: Submitted 0x2c043015105863fb0d444d4cd3ba6ea7700677e8b8e89a0197a2b901d025c6db
etherscan URL: https://etherscan.io/tx/0x2c043015105863fb0d444d4cd3ba6ea7700677e8b8e89a0197a2b901d025c6db
Confirmations (2/2): 100%|██████████████████████████████████████████████████████████████████████████████████████████████████████████| 2/2 [00:24<00:00, 12.31s/it]
INFO: Confirmed 0x2c043015105863fb0d444d4cd3ba6ea7700677e8b8e89a0197a2b901d025c6db (total fees paid = 83276143710240472)
Stablecoin pool crvUSD/TUSD is deployed at 0xc5fDdD54Fc9a432F4cd40d310d0450C21600b723
Deploying stable price aggregator
Using cached key for 'babe'
INFO: Submitted 0x929d06830f9c4d20cf47aecbafc362750e0575ead834b5764312bf55e785c9aa
etherscan URL: https://etherscan.io/tx/0x929d06830f9c4d20cf47aecbafc362750e0575ead834b5764312bf55e785c9aa
Confirmations (2/2): 100%|██████████████████████████████████████████████████████████████████████████████████████████████████████████| 2/2 [00:24<00:00, 12.43s/it]
INFO: Confirmed 0x929d06830f9c4d20cf47aecbafc362750e0575ead834b5764312bf55e785c9aa (total fees paid = 66041147774254929)
SUCCESS: Contract 'AggregateStablePrice' deployed to: 0x832f436Ad2813c76AAe756703CAcB5c1028d11Da
Using cached key for 'babe'
INFO: Submitted 0x40420fe0ace57b86ad12fa800a869a1b245e85561c6b7dfa07dc346b16b90b8b
etherscan URL: https://etherscan.io/tx/0x40420fe0ace57b86ad12fa800a869a1b245e85561c6b7dfa07dc346b16b90b8b
Confirmations (2/2): 100%|██████████████████████████████████████████████████████████████████████████████████████████████████████████| 2/2 [00:24<00:00, 12.35s/it]
INFO: Confirmed 0x40420fe0ace57b86ad12fa800a869a1b245e85561c6b7dfa07dc346b16b90b8b (total fees paid = 7504557418509018)
Using cached key for 'babe'
INFO: Submitted 0x1d486b1d80342f320c54c8260291ef1f8254871843c3126739248bdd49a241bb
etherscan URL: https://etherscan.io/tx/0x1d486b1d80342f320c54c8260291ef1f8254871843c3126739248bdd49a241bb
Confirmations (2/2): 100%|██████████████████████████████████████████████████████████████████████████████████████████████████████████| 2/2 [00:24<00:00, 12.33s/it]
INFO: Confirmed 0x1d486b1d80342f320c54c8260291ef1f8254871843c3126739248bdd49a241bb (total fees paid = 6096237692786262)
Using cached key for 'babe'
INFO: Submitted 0x64df8479a7c5278caf6d795f111382fc94af6cd55f8d55c2ec89c8b6c1485561
etherscan URL: https://etherscan.io/tx/0x64df8479a7c5278caf6d795f111382fc94af6cd55f8d55c2ec89c8b6c1485561
Confirmations (2/2): 100%|██████████████████████████████████████████████████████████████████████████████████████████████████████████| 2/2 [00:24<00:00, 12.43s/it]
INFO: Confirmed 0x64df8479a7c5278caf6d795f111382fc94af6cd55f8d55c2ec89c8b6c1485561 (total fees paid = 6171443577432711)
Using cached key for 'babe'
INFO: Submitted 0x10f4787c267b42b9cf710dc6d1ea6e4a830e171a50008f69c911901640b5f26d
etherscan URL: https://etherscan.io/tx/0x10f4787c267b42b9cf710dc6d1ea6e4a830e171a50008f69c911901640b5f26d
Confirmations (2/2): 100%|██████████████████████████████████████████████████████████████████████████████████████████████████████████| 2/2 [00:24<00:00, 12.32s/it]
INFO: Confirmed 0x10f4787c267b42b9cf710dc6d1ea6e4a830e171a50008f69c911901640b5f26d (total fees paid = 5885805491628258)
Using cached key for 'babe'
INFO: Submitted 0xe50c15a573a32d9117531add5ad991964813f77bee4854f99d8f97d6570f6d68
etherscan URL: https://etherscan.io/tx/0xe50c15a573a32d9117531add5ad991964813f77bee4854f99d8f97d6570f6d68
Confirmations (2/2): 100%|██████████████████████████████████████████████████████████████████████████████████████████████████████████| 2/2 [00:24<00:00, 12.35s/it]
INFO: Confirmed 0xe50c15a573a32d9117531add5ad991964813f77bee4854f99d8f97d6570f6d68 (total fees paid = 2450323635129522)
Deploying a PegKeeper for Curve.fi Factory Plain Pool: crvUSD/USDC
Using cached key for 'babe'
INFO: Submitted 0xe3c9eb59cfdd0a052cc9eafdb0698044b0f06e810d62f8ccfaf3c97e77935ac1
etherscan URL: https://etherscan.io/tx/0xe3c9eb59cfdd0a052cc9eafdb0698044b0f06e810d62f8ccfaf3c97e77935ac1
Confirmations (2/2): 100%|██████████████████████████████████████████████████████████████████████████████████████████████████████████| 2/2 [00:24<00:00, 12.30s/it]
INFO: Confirmed 0xe3c9eb59cfdd0a052cc9eafdb0698044b0f06e810d62f8ccfaf3c97e77935ac1 (total fees paid = 108333460053105222)
SUCCESS: Contract 'PegKeeper' deployed to: 0x0B81Cff64Efc89FcdBe7da78054232DaA89d73eC
Using cached key for 'babe'
INFO: Submitted 0x9a8fd6030f303b5421478df549331c75ae5f57cfd70aa1631432f1211c909bd8
etherscan URL: https://etherscan.io/tx/0x9a8fd6030f303b5421478df549331c75ae5f57cfd70aa1631432f1211c909bd8
Confirmations (2/2): 100%|██████████████████████████████████████████████████████████████████████████████████████████████████████████| 2/2 [00:24<00:00, 12.30s/it]
INFO: Confirmed 0x9a8fd6030f303b5421478df549331c75ae5f57cfd70aa1631432f1211c909bd8 (total fees paid = 11086145990858928)
Deploying a PegKeeper for Curve.fi Factory Plain Pool: crvUSD/USDT
Using cached key for 'babe'
INFO: Submitted 0x684eb8d04dc5eb0dfe8915fa0735679e2f95706a104861ca225013546ac186d0
etherscan URL: https://etherscan.io/tx/0x684eb8d04dc5eb0dfe8915fa0735679e2f95706a104861ca225013546ac186d0
Confirmations (2/2): 100%|██████████████████████████████████████████████████████████████████████████████████████████████████████████| 2/2 [00:25<00:00, 12.51s/it]
INFO: Confirmed 0x684eb8d04dc5eb0dfe8915fa0735679e2f95706a104861ca225013546ac186d0 (total fees paid = 98632314108444632)
SUCCESS: Contract 'PegKeeper' deployed to: 0x50F35f4fD499898801282A415f4c3A689663719f
Using cached key for 'babe'
INFO: Submitted 0xaed8e0e59b493f7bd78ad34bbbf04cbbb56a7e3cc6bb9fb9ebd17e3285ecbc00
etherscan URL: https://etherscan.io/tx/0xaed8e0e59b493f7bd78ad34bbbf04cbbb56a7e3cc6bb9fb9ebd17e3285ecbc00
Confirmations (2/2): 100%|██████████████████████████████████████████████████████████████████████████████████████████████████████████| 2/2 [00:24<00:00, 12.31s/it]
INFO: Confirmed 0xaed8e0e59b493f7bd78ad34bbbf04cbbb56a7e3cc6bb9fb9ebd17e3285ecbc00 (total fees paid = 8906844611955201)
Deploying a PegKeeper for Curve.fi Factory Plain Pool: crvUSD/USDP
Using cached key for 'babe'
INFO: Submitted 0x19abb1300617b46ca67ae2bef94f52bb789f3d23b900368ea47dba75a13091f3
etherscan URL: https://etherscan.io/tx/0x19abb1300617b46ca67ae2bef94f52bb789f3d23b900368ea47dba75a13091f3
Confirmations (2/2): 100%|██████████████████████████████████████████████████████████████████████████████████████████████████████████| 2/2 [00:24<00:00, 12.31s/it]
INFO: Confirmed 0x19abb1300617b46ca67ae2bef94f52bb789f3d23b900368ea47dba75a13091f3 (total fees paid = 99594423913209410)
SUCCESS: Contract 'PegKeeper' deployed to: 0x60b1B1f20373005030095Fbe7cDe032625fC96C2
Using cached key for 'babe'
INFO: Submitted 0x9534403257e5caec648f7d1892cb25e51e3dd6afaad91c2546c2b68475e06218
etherscan URL: https://etherscan.io/tx/0x9534403257e5caec648f7d1892cb25e51e3dd6afaad91c2546c2b68475e06218
Confirmations (2/2): 100%|██████████████████████████████████████████████████████████████████████████████████████████████████████████| 2/2 [00:24<00:00, 12.30s/it]
INFO: Confirmed 0x9534403257e5caec648f7d1892cb25e51e3dd6afaad91c2546c2b68475e06218 (total fees paid = 9426455680901650)
Deploying a PegKeeper for Curve.fi Factory Plain Pool: crvUSD/TUSD
Using cached key for 'babe'
INFO: Submitted 0x17b2ded46fad57c4c9c97389751d7d3b89444b187ad8d0b34af1c962ce01ead0
etherscan URL: https://etherscan.io/tx/0x17b2ded46fad57c4c9c97389751d7d3b89444b187ad8d0b34af1c962ce01ead0
Confirmations (2/2): 100%|██████████████████████████████████████████████████████████████████████████████████████████████████████████| 2/2 [00:24<00:00, 12.43s/it]
INFO: Confirmed 0x17b2ded46fad57c4c9c97389751d7d3b89444b187ad8d0b34af1c962ce01ead0 (total fees paid = 101264511618969081)
SUCCESS: Contract 'PegKeeper' deployed to: 0xfC780e0e273098E6EFdAD6F30caa48ffc659Cd6d
Using cached key for 'babe'
INFO: Submitted 0x94ae6e3801f8fd3ca8e42573a9d613ba64f85b85694e912567827d17f3999ac5
etherscan URL: https://etherscan.io/tx/0x94ae6e3801f8fd3ca8e42573a9d613ba64f85b85694e912567827d17f3999ac5
Confirmations (2/2): 100%|██████████████████████████████████████████████████████████████████████████████████████████████████████████| 2/2 [00:24<00:00, 12.36s/it]
INFO: Confirmed 0x94ae6e3801f8fd3ca8e42573a9d613ba64f85b85694e912567827d17f3999ac5 (total fees paid = 9182995436544776)
Using cached key for 'babe'
INFO: Submitted 0x1903f0da62aefc3d7054667ba340feaf7ec700bd4afd113fb7abae4a7cc51673
etherscan URL: https://etherscan.io/tx/0x1903f0da62aefc3d7054667ba340feaf7ec700bd4afd113fb7abae4a7cc51673
Confirmations (2/2): 100%|██████████████████████████████████████████████████████████████████████████████████████████████████████████| 2/2 [00:24<00:00, 12.30s/it]
INFO: Confirmed 0x1903f0da62aefc3d7054667ba340feaf7ec700bd4afd113fb7abae4a7cc51673 (total fees paid = 79137057799855032)
SUCCESS: Contract 'AggMonetaryPolicy' deployed to: 0x649E0b707a90F1D73B27F83358C4d9bcC91FD622
Using cached key for 'babe'
INFO: Submitted 0x3c92d8cefd17f200e886bf24da4dbaae39ceacd40d136da3115f2eb59066f50a
etherscan URL: https://etherscan.io/tx/0x3c92d8cefd17f200e886bf24da4dbaae39ceacd40d136da3115f2eb59066f50a
Confirmations (2/2): 100%|██████████████████████████████████████████████████████████████████████████████████████████████████████████| 2/2 [00:24<00:00, 12.36s/it]
INFO: Confirmed 0x3c92d8cefd17f200e886bf24da4dbaae39ceacd40d136da3115f2eb59066f50a (total fees paid = 77786411088085452)
SUCCESS: Contract 'CryptoWithStablePriceAndChainlinkFrxeth' deployed to: 0x9c2186CaBC49782632eFD00ba28bDB92086470a7
Price oracle price: 1943.69
Using cached key for 'babe'
INFO: Submitted 0xeca7f6287e4f77b8d8d257b747905afed666dfb6906b84f332d1006864a7f0a3
etherscan URL: https://etherscan.io/tx/0xeca7f6287e4f77b8d8d257b747905afed666dfb6906b84f332d1006864a7f0a3
Confirmations (2/2): 100%|██████████████████████████████████████████████████████████████████████████████████████████████████████████| 2/2 [00:24<00:00, 12.31s/it]
INFO: Confirmed 0xeca7f6287e4f77b8d8d257b747905afed666dfb6906b84f332d1006864a7f0a3 (total fees paid = 953348756748254937)
Using cached key for 'babe'
INFO: Submitted 0xe38e23c2608904cb5becfe679b54752746ec2fcd2696a7122b86dc9b592c5cb3
etherscan URL: https://etherscan.io/tx/0xe38e23c2608904cb5becfe679b54752746ec2fcd2696a7122b86dc9b592c5cb3
Confirmations (2/2): 100%|██████████████████████████████████████████████████████████████████████████████████████████████████████████| 2/2 [00:24<00:00, 12.48s/it]
INFO: Confirmed 0xe38e23c2608904cb5becfe679b54752746ec2fcd2696a7122b86dc9b592c5cb3 (total fees paid = 3024950475792580)
========================
Stablecoin:         0xEf1385D2b5dc6D14d5fecB86D53CdBefeCA20fcC
Factory:            0xFa3E2db8EB6c646e0d24046c1a185934d41a8F7a
Collateral:         0xac3E018457B222d93114458476f3E3416Abbe38F
AMM:                0x803f3D9cD755ea914B9a1A06bA5AdF39055A42DF
Controller:         0x60C7dA1d9Bb55219897af4a19271BF80655ab2BF
Price Oracle:       0x9c2186CaBC49782632eFD00ba28bDB92086470a7
Monetary policy:    0x649E0b707a90F1D73B27F83358C4d9bcC91FD622
Swap factory:       0x0145FD99F1dd6e2491e44FCA608C481c9C5B97a9
Owner proxy:        0x69AAfFF1218Ba086aC782F98cb8399d1226e2af3
Price Aggregator:   0x832f436Ad2813c76AAe756703CAcB5c1028d11Da
PegKeepers:         ['0x0B81Cff64Efc89FcdBe7da78054232DaA89d73eC', '0x50F35f4fD499898801282A415f4c3A689663719f', '0x60b1B1f20373005030095Fbe7cDe032625fC96C2', '0xfC780e0e273098E6EFdAD6F30caa48ffc659Cd6d']
Stablecoin pools:   ['USDC:0xA0acBe2b7f8D337D139DAC65161005d7B6991cd5', 'USDT:0x6F333fD5642eBc96040dF684489Db550e788E9Ed', 'USDP:0x1C38B42595F7bfAD1987e06866a2641ea1159948', 'TUSD:0xc5fDdD54Fc9a432F4cd40d310d0450C21600b723']
