Deployed contracts:
==========================
AMM implementation: 0xB57A959cdB3D5e460f9a7Cc48ed05ec29dfF049a
Controller implementation: 0x584B0Fd8F038fe8AEDf4057Ca3cB3D840446fBbf
Vault implementation: 0xc014F34D5Ba10B6799d76b0F5ACdEEe577805085
Pool price oracle implementation: 0xC455e6c7936C2382f04306D329ABc5d36444D3F8
Monetary Policy implementation: 0x4863c6dF17dD59311B7f67E694DD835ADC87f2d3
Gauge implementation: 0x79D584d2D49eC8CE8Ea379d69364b700bd35874D
Factory: 0xeA6876DDE9e3467564acBeE1Ed5bac88783205E0
==========================
tx broadcasted: 0xd0299831a59ee0936258b2dea26879b49e06565740ed213364957612024dfa5d
0xd0299831a59ee0936258b2dea26879b49e06565740ed213364957612024dfa5d mined in block 0x883eba82287db1b2a9161514f4346476d8a7170abcac8d274bd508736c8ea171!
tx broadcasted: 0x99b3bce387e9558a236947683b41b1fb4a24bc5692798b36e6c35e2fc7fb0500
0x99b3bce387e9558a236947683b41b1fb4a24bc5692798b36e6c35e2fc7fb0500 mined in block 0x778b69a907ac3cfca0ce8621141be56eb0e3e35c1f0b81140176ae8da233d8a2!
Vault wstETH-long: 0x8cf1DE26729cfB7137AF1A6B2a665e099EC319b5, gauge: 0x222D910ef37C06774E1eDB9DC9459664f73776f0
tx broadcasted: 0xcc5e471d22b8f017feb8fea5ec069fc179382a199c5fff893d1988e06aac0f39
0xcc5e471d22b8f017feb8fea5ec069fc179382a199c5fff893d1988e06aac0f39 mined in block 0x602e9c4baa9d1eada7e57d7d555629dc4785aa0d0c2c3f35f33ce973fe9d066c!
tx broadcasted: 0xc04b29cca624e0e6c21518d7440629dd3ae7bb22e08c953009b6961ed0aaaf32
0xc04b29cca624e0e6c21518d7440629dd3ae7bb22e08c953009b6961ed0aaaf32 mined in block 0xb6724a258b428543fd4f895540797c8ed87f0bd8bc66cc86bb19f9b8431251a2!
Vault WETH-long: 0x5AE28c9197a4a6570216fC7e53E7e0221D7A0FEF, gauge: 0x1Cfabd1937e75E40Fa06B650CB0C8CD233D65C20
tx broadcasted: 0xb8bb2a42a40cce775fb23ae731fd97dcf9c9b744a32cb5520be1474353064e36
0xb8bb2a42a40cce775fb23ae731fd97dcf9c9b744a32cb5520be1474353064e36 mined in block 0xe3af44c88753412b0840d90d70dff6ed434ada2873aa129f0bdcc7bb6754b717!
tx broadcasted: 0xa53fa98223a97fe2a4d5c939cb243f23e0e4ed1dd5b484e3210350c2de0e5ee2
0xa53fa98223a97fe2a4d5c939cb243f23e0e4ed1dd5b484e3210350c2de0e5ee2 mined in block 0xe979160a23115edce6c8874e46952ece79580344103e23392c1a694094c3c61e!
Vault tBTC-long: 0xb2b23C87a4B6d1b03Ba603F7C3EB9A81fDC0AAC9, gauge: 0x41eBf0bEC45642A675e8b7536A2cE9c078A814B4
tx broadcasted: 0xec9d03289a79af82cdd6496980da6c872b7c0d1abe5d2c5edbfa1489ca2dd373
0xec9d03289a79af82cdd6496980da6c872b7c0d1abe5d2c5edbfa1489ca2dd373 mined in block 0x64a2aa8efa750f7ed9e5948f301dcf46162cf64f7cbb0b212bfbbd23e5555170!
tx broadcasted: 0x7d4a70d67e5bb01dbde8954cf11913e40b445329e72437c895e4f1f8919e443f
0x7d4a70d67e5bb01dbde8954cf11913e40b445329e72437c895e4f1f8919e443f mined in block 0xa6232414d53fc690ab57209bc043ab8765ca78e3506e10344bf106866930f9e2!
Vault CRV-long: 0xCeA18a8752bb7e7817F9AE7565328FE415C0f2cA, gauge: 0x49887dF6fE905663CDB46c616BfBfBB50e85a265
tx broadcasted: 0x5146ba1acc78b22d6ab7d7ec8d4e40863e5f327c06817e08c9adb180950c4e42
0x5146ba1acc78b22d6ab7d7ec8d4e40863e5f327c06817e08c9adb180950c4e42 mined in block 0xacd95da96d5f0e88d7245b07aa4613c688cd8fc64e8f41b187c3382498539cca!
tx broadcasted: 0xa825198d27afe3f29d5d3872d0e55ccf8c4b4ace19522eb1297003a8d143816c
0xa825198d27afe3f29d5d3872d0e55ccf8c4b4ace19522eb1297003a8d143816c mined in block 0x02ceb9165e352f3e9cde3f92c907823e8d09413d24beeb2102dc494acf2f3879!
Vault CRV-short: 0x4D2f44B0369f3C20c3d670D2C26b048985598450, gauge: 0x99440E11485Fc623c7A9F2064B97A961a440246b
