tx broadcasted: 0xe606a2e53e2ded4f89cff2571075b2d00e8bb5f2613dd8deece269f8e2b78962
0xe606a2e53e2ded4f89cff2571075b2d00e8bb5f2613dd8deece269f8e2b78962 mined in block 0x4c3c60ff0eae7c52cdbe0f7ff53c60e3a3731aaba5132048c2e2e2d570137a8a!
contract deployed at 0x4f37395BdFbE3A0dca124ad3C9DbFe6A6cbc31D6
tx broadcasted: 0x11b3f86563fe2f44905186ecfe15888edaef8b47778c2c601e1656ae4148d14d
0x11b3f86563fe2f44905186ecfe15888edaef8b47778c2c601e1656ae4148d14d mined in block 0x1e342fa9c3e4bfa65c978fa4c4d7bfd95b0a6c6d2bf4950990b02c4ce5052655!
contract deployed at 0x5473B1BcBbC45d38d8fBb50a18a73aFb8B0637A7
tx broadcasted: 0xf0ff6ec38345458cb33f8c535fdd77b9fed2ca61e3bb9b60f23db15c4d769e47
0xf0ff6ec38345458cb33f8c535fdd77b9fed2ca61e3bb9b60f23db15c4d769e47 mined in block 0x662f5d95031d26635f9066052ddaf6ad7f17cee0bd0aa8d665576b51f0d8b943!
contract deployed at 0x596F8E49acE6fC8e09B561972360DC216f1c2A1f
tx broadcasted: 0xea023d9d5d884352c3805b19871b2a540ae0bc7c3b95f7636736608e4c1c93e0
0xea023d9d5d884352c3805b19871b2a540ae0bc7c3b95f7636736608e4c1c93e0 mined in block 0x1ba983b6391d712e4158a8ee523a81dec149938d9cc45ee4d87f6d89f1595873!
contract deployed at 0x9164e210d123e6566DaF113136a73684C4AB01e2
tx broadcasted: 0xe9ee44ebe4d5e25191955274bd5083e3f115787b9a8b4b67c4c44ee1fa15a5e7
0xe9ee44ebe4d5e25191955274bd5083e3f115787b9a8b4b67c4c44ee1fa15a5e7 mined in block 0xa821639abc92964b70009ff48aa2466046f8d4a927d06c3fdf0f678adcd8ec81!
contract deployed at 0xa7E98815c0193E01165720C3abea43B885ae67FD
/home/michwill/Projects/stableswap/curve-stablecoin/.venv/lib/pypy3.10/site-packages/vyper/semantics/types/subscriptable.py:115: UserWarning: Use of large arrays can be unsafe!
  warnings.warn("Use of large arrays can be unsafe!")
tx broadcasted: 0x24af233fb523ec291af69e04d428331b809586643b58e68660f9990f07361948
0x24af233fb523ec291af69e04d428331b809586643b58e68660f9990f07361948 mined in block 0x406a2625ae8e2e37f9373106c9e88a7e7c6c39ad052f51f9e570746c7c0e8a4f!
contract deployed at 0x00B71A425Db7C8B65a46CF39c23A188e10A2DE99
tx broadcasted: 0xcc93cf95f5d71d2ba51b5340fc7096e5d37f5615eb92f329acb1148b6da2938a
0xcc93cf95f5d71d2ba51b5340fc7096e5d37f5615eb92f329acb1148b6da2938a mined in block 0x90034edc365a9da05fd835e72e03551d7e8ed12f833cf2d3a5350d7fd47c0128!
contract deployed at 0xc67a44D958eeF0ff316C3a7c9E14FB96f6DedAA3
Deployed contracts:
==========================
AMM implementation: 0x4f37395BdFbE3A0dca124ad3C9DbFe6A6cbc31D6
Controller implementation: 0x5473B1BcBbC45d38d8fBb50a18a73aFb8B0637A7
Vault implementation: 0x596F8E49acE6fC8e09B561972360DC216f1c2A1f
Pool price oracle implementation: 0x9164e210d123e6566DaF113136a73684C4AB01e2
Monetary Policy implementation: 0xa7E98815c0193E01165720C3abea43B885ae67FD
Gauge implementation: 0x00B71A425Db7C8B65a46CF39c23A188e10A2DE99
Factory: 0xc67a44D958eeF0ff316C3a7c9E14FB96f6DedAA3
==========================
tx broadcasted: 0x2dc1195c061956566f4f1ba59ad4556256f6b07bec391afc31aa9eea8406a58c
0x2dc1195c061956566f4f1ba59ad4556256f6b07bec391afc31aa9eea8406a58c mined in block 0x0bddfe15171c3fdb85e8f31308e191e98db986e940a53ef5720f9905650f6b3e!
tx broadcasted: 0x470109456a2b7e742a0e5400e48b5fbefd176fa3181c77494a832c5e2f0abf3c
0x470109456a2b7e742a0e5400e48b5fbefd176fa3181c77494a832c5e2f0abf3c mined in block 0x2d48afb0fc86c14cf04b490f3acea106ba3b07955a0aed4a33b32decffbd258a!
Vault wstETH-long: 0xE21C518a09b26Bf65B16767B97249385f12780d9, gauge: 0x3742aCa9ad8655d2d3eab5569eF1BdB4C5d52e5D
tx broadcasted: 0xa4f257c0d4c3856cee5918a33aee8125762a17daa67af515febe05a60e28137a
0xa4f257c0d4c3856cee5918a33aee8125762a17daa67af515febe05a60e28137a mined in block 0x0acb5a2955785f130aaf03898692386c0087600ecd6bd2c7a3c1cf2704d3f9ba!
tx broadcasted: 0x619f076a3f5a517a81a4126b4fa4883d40c1ef2aa9fea363f042fafe57195113
0x619f076a3f5a517a81a4126b4fa4883d40c1ef2aa9fea363f042fafe57195113 mined in block 0xe4069515b6dbeba99f7ff5ce2450e44a82eebe5223103cd28a783a61f942491e!
Vault CRV-long: 0x67A18c18709C09D48000B321c6E1cb09F7181211, gauge: 0xAA90BE8bd52aeA49314dFc6e385e21A4e9c4ea0c
tx broadcasted: 0x6e1b840d680808069197be869fa74631b408030ddd16959b48935ba8bb22134c
0x6e1b840d680808069197be869fa74631b408030ddd16959b48935ba8bb22134c mined in block 0xd6af123e9cd227254970465b612deddb09cf6b544162bed3e51b37f9dcd4f5aa!
tx broadcasted: 0x664ee664653a63af1ef23d152382bcedda82b6ee40e22ba8c394841d5aed304b
0x664ee664653a63af1ef23d152382bcedda82b6ee40e22ba8c394841d5aed304b mined in block 0x2b0d85947c8d0d7ba1615068d21e99b0a99ee3d02c198b5b4f39e744200e8333!
Vault CRV-short: 0x044aC5160e5A04E09EBAE06D786fc151F2BA5ceD, gauge: 0x270100d0D9D26E16F458cC4F71224490Ebc8F234
