Deployed contracts:
==========================
AMM implementation: 0xCB8A15af05102713d4e9628F20824111f9331b2E
Controller implementation: 0xDeDe1cCE94CDAa3ce358E561895775DB369B72E4
Vault implementation: 0x7e6c50f75BADb725FddAa47C063D8F8407Defc5C
Pool price oracle implementation: 0x3B38cE23799DC56664FF6048892510aBffdB7a25
Monetary Policy implementation: 0x2a28789645776EAa95F6D491ff375781eA5b40dd
Gauge implementation: 0x62191Ef48bF8fD7a0E10EcB066B0350e6a9C18A9
Factory: 0x34024bA3b6EdaF5cdd1C24FeFe1DF5D03041F38C
==========================
tx broadcasted: 0x1541105b0e3ee22d1200e02990a3db70a90dd287e5b71c449549ca25e62ba433
0x1541105b0e3ee22d1200e02990a3db70a90dd287e5b71c449549ca25e62ba433 mined in block 0xac8615e6321640a78f2e19e927031ffc7858e2facef5ffa122d5bf36eed1eca1!
tx broadcasted: 0x6683508c06c0bea4b70686e3b528cad0e92d03be48493122f523dbc58ae8c4fc
0x6683508c06c0bea4b70686e3b528cad0e92d03be48493122f523dbc58ae8c4fc mined in block 0x9f8fea4a531f38699801772835bf765932abbe571ae3383037cc3f5b9c4cb658!
Vault wstETH-long: 0xd56398470586c91aa3b47f46a77CFCDD5B9DcaF9, gauge: 0x911B2E51dfD752545BD74E990d01d9920e33F508
tx broadcasted: 0xe0e3f6d278d626e31e8a98574dcfef94d19b8e76ab965ac92a37b032760cb54c
0xe0e3f6d278d626e31e8a98574dcfef94d19b8e76ab965ac92a37b032760cb54c mined in block 0xb1b09809cc492ff632afc58b77a2890c35ec8d84d6e37f58eb04f6cf6558cc28!
tx broadcasted: 0xa2ca330df52591b387335815a307649f7919d0c96b54a6cc4c593b3dd6f15816
0xa2ca330df52591b387335815a307649f7919d0c96b54a6cc4c593b3dd6f15816 mined in block 0x1d07375a7f91930877f51528ae584622b425514c76cad48b58d4ca38a56718d3!
Vault tBTC-long: 0x07D988ca6C19578a628Fe3b96F6657b6b84bF352, gauge: 0x16b970C0a7e4B74773E9F4714bAfD938aeE996fb
tx broadcasted: 0xf540044ab9454947fb70f49a25231647d7258d9916320a130b73fdf6803638b1
0xf540044ab9454947fb70f49a25231647d7258d9916320a130b73fdf6803638b1 mined in block 0x60cf466ce05ab38c3995b9a9aacc53ef84ed1d447a306af43d4d32f15b62d43a!
tx broadcasted: 0x8c2074407e382ecd3922e1823600ff118305aaf0c8aaa55b4c948eca933a2172
0x8c2074407e382ecd3922e1823600ff118305aaf0c8aaa55b4c948eca933a2172 mined in block 0x561bca94fe3562a42faa43cf22ec3f22b38217e130b30fb9143df5be9ed775ca!
Vault CRV-long: 0xfFA6115Ee9c940B493cD0B3E1EF46470413D06C2, gauge: 0xcAc218546b7C7cab03d01F5EC783aBCeE62f6301
tx broadcasted: 0x036422cdb5345a689cf9f7754d277a39f0f152f0376c5e1c1b6252704e886f9e
0x036422cdb5345a689cf9f7754d277a39f0f152f0376c5e1c1b6252704e886f9e mined in block 0x552465ce51303225cbcb836276092e69e7a43b4f2a9d4c06a8eef82d7e3029dc!
tx broadcasted: 0x2a053c1de75ae4bd17a2af27388c8c7270375774de9f776d6afb40f2f950c4e8
0x2a053c1de75ae4bd17a2af27388c8c7270375774de9f776d6afb40f2f950c4e8 mined in block 0x5968a8bcbe5bb2ff1b7f55aa5a8f47f8be9308210eb3126f51f123616025ef07!
Vault CRV-short: 0xBB34c512CC1c3627f2eaB8f4a6fa2eAB7e578761, gauge: 0x89589230D831b6ECd9e32647eF5F47dE56839230
