Deployed contracts:
==========================
AMM implementation: 0x913A3A0d83b87497587E66A7f9603CcD998bA572
Controller implementation: 0x42Dd7Dc055a04C3D795A3DFD2eAAF7D480367A02
Vault implementation: 0x7d20ecB58d9D661AeF2bd0Ee953d53567e695DFB
Pool price oracle implementation: 0x69D7469e677e4C8Fa4581D36908B0c9c8750baA9
Monetary Policy implementation: 0xEb4480152BEf93FA7bd01a7F427F1Dd3069Fc4D3
Gauge implementation: 0x7E6327Cce4BBDB936Ee744a7Bae6C2978b62183F
Factory: 0x5E0198C158276efaeBc5A32C8351fb5D679d4288
==========================
tx broadcasted: 0xcfbc3d4df37a2a397c56544ae8869b8d4a378929fc31f2fb9773f080a3d1d907
0xcfbc3d4df37a2a397c56544ae8869b8d4a378929fc31f2fb9773f080a3d1d907 mined in block 0x03e3ef8023abfcf093fa622841db81bb4ce20a1f09b559847253b06a440d6c58!
tx broadcasted: 0x4e2adbd0fa6c6416cf7c2dfa71abf63c33568fe857796c7b5eb37cecbc202dac
0x4e2adbd0fa6c6416cf7c2dfa71abf63c33568fe857796c7b5eb37cecbc202dac mined in block 0xd367ab0719a2539ee5ccadce4039aa624c7a24fdf3a038056da10a81a03d30ab!
Vault wstETH-long: 0xaaBf04Fd7D66D96f69413c9A2875D2a1b2a61787, gauge: 0x1737D9401829D66F8a873dDF97941346f03D9578
tx broadcasted: 0x1a40a46d6bf628f29a2e7882e303301719b90445e25ab55d3e946f4e54b1214d
0x1a40a46d6bf628f29a2e7882e303301719b90445e25ab55d3e946f4e54b1214d mined in block 0x9185e4a7eaa090aefbb26d6c02a6a0ee9330f35c2c577769fd7d47a06eff139b!
tx broadcasted: 0x4faa3e9e5a83dc0bb6778622a309d410bfb1a15d4ada7d201a0044a861f67c0b
0x4faa3e9e5a83dc0bb6778622a309d410bfb1a15d4ada7d201a0044a861f67c0b mined in block 0x36a1ea6667879f42f1b6fe13ddd893c1629163838ca868ad0e9b753e18d57076!
Vault tBTC-long: 0xBa7891B38069545635962C2f06da4f8cf690A346, gauge: 0xcF55B75ef095b39de88e0D023A738e38e100B959
tx broadcasted: 0x219b2e71ab2dc65591856b1078f8a5cfccf3368c23841e60543d1240fd99c2e9
0x219b2e71ab2dc65591856b1078f8a5cfccf3368c23841e60543d1240fd99c2e9 mined in block 0x2c0e429a22e2ea4c908b7aa00d0750090340d22ca1166a9f665cb3f42b793f45!
tx broadcasted: 0x6eda65161de685e1c59fe1668fddd2ee25b19b0e2f4425d7cbc0fd13599c4cad
0x6eda65161de685e1c59fe1668fddd2ee25b19b0e2f4425d7cbc0fd13599c4cad mined in block 0xab4aba0ac564ca058f948ce6d09d8c389ef3ab607000f1ad7bd615a2c28320db!
Vault CRV-long: 0xD66f3a419AC2f846e45DaF5df6A7a76D77d3d6E0, gauge: 0x4a81473a119B42F043cAa9518dbC3713688d8e4d
tx broadcasted: 0x5515fe7037465df57a55d639486ba28b1d4c9361c8a9e1ae78d32a04e89d29a8
0x5515fe7037465df57a55d639486ba28b1d4c9361c8a9e1ae78d32a04e89d29a8 mined in block 0x18a78740266a743d79ce1a060bcaf17e0bd25a018876114274ebd339a918eb3e!
tx broadcasted: 0x33cdda63b6af94161e9aca1074e326689a8dd6171d5f66728ca17bc58e80a870
0x33cdda63b6af94161e9aca1074e326689a8dd6171d5f66728ca17bc58e80a870 mined in block 0x96df749586526f8ac2f7632e652576b5f337b660ef673d50aa406ee0e584e278!
Vault CRV-short: 0xe503Fa25a79D127346815d8d7323B3EfF1679537, gauge: 0xd89279488C9D0237f8F603CcF4e091Aee0246d97

