0x2156d309b696e2f47d70952a2759906d8a21f4f91b75cad9d59f0a5fdb3fdfe4 mined in block 0x6fc42a34a680ff253e30a616c223a9cdad1f7415dcc7e384dc568395ab243716!
contract deployed at 0xaA2377F39419F8f4CB98885076c41fE547C65a6A
tx broadcasted: 0xf08717303dcbd90d9eea9f8643ece2b0f945e5e7ca4a4828c4a828a2e353d8dc
0xf08717303dcbd90d9eea9f8643ece2b0f945e5e7ca4a4828c4a828a2e353d8dc mined in block 0x81f03a2e7f5745eac0fd8e9a56a87ed82f3156cc486fd5f2500db9a1c3f90389!
contract deployed at 0xd5DCcBf65f0BC66934e1B2a7e515A35535f91B97
tx broadcasted: 0xb18f75d83e44d18aa78abb26de05040b98013bb80500212e50cf04fa9fb7eb3f
0xb18f75d83e44d18aa78abb26de05040b98013bb80500212e50cf04fa9fb7eb3f mined in block 0x067a3a3a54356cf2c5cbd836427ddc99c849864c5ffbb783eee63dddd2f2d9f1!
contract deployed at 0x104e15102E4Cf33e0e2cB7C304D406B523B04d7a
tx broadcasted: 0xf38bce07bd030327e2e08fabc92e9ed6d9e9d2e58245513806e58eb5c99059dd
0xf38bce07bd030327e2e08fabc92e9ed6d9e9d2e58245513806e58eb5c99059dd mined in block 0x4b32ae4d403813054afca53a36ec1b99d741f4fbfad393c1a7485ad0059e4e87!
contract deployed at 0x57390a776A2312eF8BFc25e8624483303Dd8DfF8
tx broadcasted: 0x7875b87eaa9e4cf5aa9b25b562223eb0b2272d3565713efd77261a18903cca45
0x7875b87eaa9e4cf5aa9b25b562223eb0b2272d3565713efd77261a18903cca45 mined in block 0xa4f91b410d6365ff14624ac479a65e001ccc32fb0a7c5f072ddb8187515aebb5!
contract deployed at 0x0b3536245faDABCF091778C4289caEbDc2c8f5C1
tx broadcasted: 0x92824e2ec70d3b1771b4c4acee9a42e2ccf3c4cdc1e28eb3439b4e89fc12fd55
0x92824e2ec70d3b1771b4c4acee9a42e2ccf3c4cdc1e28eb3439b4e89fc12fd55 mined in block 0x78376b6dffa88283f7f9a4f5de441e7e99420a39974b1f57c1438fb8d98dc50a!
contract deployed at 0xcaEC110C784c9DF37240a8Ce096D352A75922DeA
Deployed contracts:
==========================
AMM implementation: 0xaA2377F39419F8f4CB98885076c41fE547C65a6A
Controller implementation: 0xd5DCcBf65f0BC66934e1B2a7e515A35535f91B97
Vault implementation: 0x104e15102E4Cf33e0e2cB7C304D406B523B04d7a
Pool price oracle implementation: 0x57390a776A2312eF8BFc25e8624483303Dd8DfF8
Monetary Policy implementation: 0x0b3536245faDABCF091778C4289caEbDc2c8f5C1
Factory: 0xcaEC110C784c9DF37240a8Ce096D352A75922DeA
==========================
tx broadcasted: 0xa76ce5beafbf5a3736421a90fdc3a0e381dd557c75fc78f0637f93f3a9bbd09d
0xa76ce5beafbf5a3736421a90fdc3a0e381dd557c75fc78f0637f93f3a9bbd09d mined in block 0x6f250e68e59a9855db75e49e5275c515e658d4b42b28f37359cd076bb30c2670!
tx broadcasted: 0x4f34b095b624558a379fa348b45ec2851b01fdd4c84aef8b47ed975a44bcc42e
0x4f34b095b624558a379fa348b45ec2851b01fdd4c84aef8b47ed975a44bcc42e mined in block 0x1e7f67d1c766d66c439b70943567b4b17ebf5332c804c96104147bb4ce3bd9fb!
Vault WETH-long: 0x49014A8eB1585cBee6A7a9A50C3b81017BF6Cc4d, gauge: 0xCE9b993AF13081618417c2293952C09cC9b68F21, salt: f30ebd569ebc5c01404cfe971735202d2bb6f1e7ed6cbfd2165826578d6f2752
tx broadcasted: 0xe366f6f0facce36de25beeb83566aad2d12f73de70c16be345adea379e9ab027
0xe366f6f0facce36de25beeb83566aad2d12f73de70c16be345adea379e9ab027 mined in block 0x0ddcaa166559d7780ad22578009e12d0f65a84ff106b8f62091c7ee47669c14e!
tx broadcasted: 0xcb1b3fe7e4a3ff24e2acd65bcaaadd3ee84e6164eecd2fcb65a4872feec6842a
0xcb1b3fe7e4a3ff24e2acd65bcaaadd3ee84e6164eecd2fcb65a4872feec6842a mined in block 0x909af37bdcb333be1b2707fbee4e3ee2c71822267eb1f33f5e28a76e3b9bde86!
Vault wBTC-long: 0x60D38b12d22BF423F28082bf396ff8F28cC506B1, gauge: 0x3A120532834A107768b40fb8699752d1319691b5, salt: 58a649cfc29e3c95b1c7761db380c9b6888a61003ed17c411da2b53d98d70266
tx broadcasted: 0xd8aec156ba38387ce705b897bec80f3852c8d2261263233e4afb3b2e31fdda64
0xd8aec156ba38387ce705b897bec80f3852c8d2261263233e4afb3b2e31fdda64 mined in block 0x5344bd74617de2855b66b9fb95f4357ae647f0fdbcbcb82066fe841fcf2429ea!
tx broadcasted: 0xaec7f54f85513bd505be53a1fee0020bf2535e194b0f74f7a1351b005c0fbf31
0xaec7f54f85513bd505be53a1fee0020bf2535e194b0f74f7a1351b005c0fbf31 mined in block 0xfdac15d65c2b0ded90d947f83606a113a169ac5f4f1e7b395c36d140d2c6a8da!

# Gauges are incorrect in logs!
Real gauges:
weth - 0xFD632Fa4fe5c2e2aeF32BD973CE1A68A517De461
wbtc - 0x4534D3Ad205d8bf3087a17847D1c963AE6Bf56b1
