$ python3 scripts/deploy-lending-optimism.py --markets
Password:
tx broadcasted: 0x85e80b69609910d93e9017261eefbac6d4429fb80943d4528a8f9db9365a2378
/usr/lib/pypy3.10/functools.py:993: UserWarning: debug_traceTransaction not available! titanoboa will try hard to interact with the network, but this means that titanoboa is not able to do certain safety checks at runtime. it is recommended to switch to a node or provider with debug_traceTransaction.
  val = self.func(instance)
0x85e80b69609910d93e9017261eefbac6d4429fb80943d4528a8f9db9365a2378 mined in block 0x0a1be7347fdaf337d08cb8246fc4777c3833d407060e42e91aa599f8b82eb3cb!
contract deployed at 0x40b8c0c9186eAEaf84023d81CD2a709e81fCFbC1
tx broadcasted: 0x02672078b1a9a73cdd7ed89ff1de1976070fca5185ffa6e5cde0025a7b409020
0x02672078b1a9a73cdd7ed89ff1de1976070fca5185ffa6e5cde0025a7b409020 mined in block 0xbde4978512a27c656db7b5b02b49aad79764bb3b165284d0daa63b11c82b760c!
contract deployed at 0xCc65F473815c97bDe543Db458358F09852eDb5B4
tx broadcasted: 0xc6d75136f8645456c54aef833b6ab12e9024bb5eba5fb209a1b3bc1af0c7eed2
0xc6d75136f8645456c54aef833b6ab12e9024bb5eba5fb209a1b3bc1af0c7eed2 mined in block 0x4e5b2f7525257c316cd9cbf7c3a1dd8a26e53f04142c2b4e432edb6728b3027b!
contract deployed at 0x3B1DF11b96b2F5525aBe75eebeFb1ce0928d2411
tx broadcasted: 0x8f4ecaf1d21562e3c5a13f72db519b5132a22ad70862e76eb302edf98a9cd891
0x8f4ecaf1d21562e3c5a13f72db519b5132a22ad70862e76eb302edf98a9cd891 mined in block 0x2e325f4d4fdfd41e7d157a10ed914cea783ed13f02c2ea927962412b49694883!
contract deployed at 0x227c9AD884e0E32a698FB38ba0511eE36fA92b7d
tx broadcasted: 0x4d21818842472c4b698cfcfb00dda9c8ce40475f8ebd02469a0d2c627b9330fa
0x4d21818842472c4b698cfcfb00dda9c8ce40475f8ebd02469a0d2c627b9330fa mined in block 0x7bf456009f060c85995321aa9132deb102858f1e099f3a5c36409c94238eec11!
contract deployed at 0xa2294769e9CFA9Fd029030F7be94E2602821677B
tx broadcasted: 0x99dcb89ec50df2d80da8ede30bd8a4967a7a65e4124ee5171f8d2f3948577aa9
0x99dcb89ec50df2d80da8ede30bd8a4967a7a65e4124ee5171f8d2f3948577aa9 mined in block 0x30a287ea4fad84c73000b5275b879bf9b217adf97cb2b0786fa5d0a3f44a5c93!
contract deployed at 0x5EA8f3D674C70b020586933A0a5b250734798BeF
Deployed contracts:
==========================
AMM implementation: 0x40b8c0c9186eAEaf84023d81CD2a709e81fCFbC1
Controller implementation: 0xCc65F473815c97bDe543Db458358F09852eDb5B4
Vault implementation: 0x3B1DF11b96b2F5525aBe75eebeFb1ce0928d2411
Pool price oracle implementation: 0x227c9AD884e0E32a698FB38ba0511eE36fA92b7d
Monetary Policy implementation: 0xa2294769e9CFA9Fd029030F7be94E2602821677B
Factory: 0x5EA8f3D674C70b020586933A0a5b250734798BeF
==========================
tx broadcasted: 0x712644bbf1970648f49a1991530b3dbe5179d190ceaf96ae7100c0de04c80920
0x712644bbf1970648f49a1991530b3dbe5179d190ceaf96ae7100c0de04c80920 mined in block 0xbf2f808d0578785ffd7ed3802299df22d2379063808e3f7abf12ae3216a34044!
tx broadcasted: 0xdcd9584494650f33ddeded519c90a54932c84351c5233ef435163c3d6971bf6b
0xdcd9584494650f33ddeded519c90a54932c84351c5233ef435163c3d6971bf6b mined in block 0x03540d4fd4af3414a3ac6c2f4e8a0805e30d0f72ce7d6c0f82b94e24df3ce775!
Vault ETH: 0xE8dd743E376EcA40cc9547236D46eD83e06Fd471, salt: 5fdba2f20f5e51b6b2c9e5171f0e16f61d23123fac2da45861690b580cce2d1f
tx broadcasted: 0x15bd5d4eecfed86b4c198949232af756225c24c65fe78f056adad5204b4f285a
0x15bd5d4eecfed86b4c198949232af756225c24c65fe78f056adad5204b4f285a mined in block 0xa26cd1154b8637b8ffd3f4c029ea9111619b338664ad4cc7994b628402333a60!
tx broadcasted: 0x2be09a8f025e8626083add507be7b9f9423c3cdf81e721a006c9a16a7634bbd3
0x2be09a8f025e8626083add507be7b9f9423c3cdf81e721a006c9a16a7634bbd3 mined in block 0xac03655b2c57909f4ffb858b3a7f2da27d3b1c60e63eca6c06164e9e635dfa58!
Vault wstETH: 0x2F71156ac0BE202C038a786Fa94613aFf5044D4c, salt: 75b2f4b88e9fc28c659aad35605b677f2ee27a015d9ff076eb10a4d9b41ca1ce
tx broadcasted: 0x1f0bd2157446ce4953ea26ffe24a3ff04824595b4a0f1b49ab52a69f77d32efb
0x1f0bd2157446ce4953ea26ffe24a3ff04824595b4a0f1b49ab52a69f77d32efb mined in block 0xa9097f533682a70d8158a9867db3185874c02e29df9c30665a6e11beb5a97bb2!
tx broadcasted: 0x2500be9d97a071ea437d2e6d6dd2c4be16228336aa25251be56bcd74e457c3f4
0x2500be9d97a071ea437d2e6d6dd2c4be16228336aa25251be56bcd74e457c3f4 mined in block 0x7ade8a411abb221121a77ad55f26cc33da67102ba470ae1513d872b3db61b8ce!
Vault WBTC: 0x451200382d931F62b2d2bC9C215d99Aa106Dc8d0, salt: 5263fc884bc7094a8dd6c614746e7d42bc06aff240a23540cca5b057d5384344
tx broadcasted: 0xcb8e75ff3afa95e0a272480a4202856a2186a2756ff2eab23bbacffdb3d6e4f6
0xcb8e75ff3afa95e0a272480a4202856a2186a2756ff2eab23bbacffdb3d6e4f6 mined in block 0xba35aa84b1090e66a1bdc9100cf3dd4b98b9d129c456d25008c4de3eb07d4907!
tx broadcasted: 0x30b9360eef578773b9c035a99667a1cc8d6cae938b960b06256be16bd93b9cdd
0x30b9360eef578773b9c035a99667a1cc8d6cae938b960b06256be16bd93b9cdd mined in block 0xc4a3bba38de4e4a5da99118bc5eabdc2b586386d32dca0950333db75f4df561f!
Vault OP: 0x05577790318929624B4613F5a7E3B73AB40E38de, salt: 6c1ed5a4e3ffcc67e7f2be664d185f6b8c415b54bac4868d95d7490c38236875
tx broadcasted: 0x8c15e676f3635572bf395383d2183b24370b57593ae34ec46d9448ea06744414
0x8c15e676f3635572bf395383d2183b24370b57593ae34ec46d9448ea06744414 mined in block 0xea2a29586864a683b1715b56bd31b34d734b26ef31daee0fd7b3e3c0287c42dc!
tx broadcasted: 0x823c4492593af1c19f585a870839c17e6aee4975c07e4f496dbdce433137dab2
0x823c4492593af1c19f585a870839c17e6aee4975c07e4f496dbdce433137dab2 mined in block 0x79f8b3c54f179e5d971eb03c89ab76885f80750d755a89a2b4ad23881932c4e4!
Vault CRV: 0x2297d47020d2AbD71FCf1b6dbA0168b5c2D4380F, salt: 0d529a8f69396bfd736d1e560e16cee4a2f41f757be01ef4e2feb4f49e8280ef
Deploying on Ethereum with salt: 5fdba2f20f5e51b6b2c9e5171f0e16f61d23123fac2da45861690b580cce2d1f
tx broadcasted: 0xbadc77cf4e4479a5e458712c477d33424fd8e320cc425312ee4e8121b76dd81c
0xbadc77cf4e4479a5e458712c477d33424fd8e320cc425312ee4e8121b76dd81c mined in block 0x13dbcd4145a9931ebd4aae402eb9d90aaec02d8f566d57cbd1cdee31845ba9e7!
Deploying on Ethereum with salt: 75b2f4b88e9fc28c659aad35605b677f2ee27a015d9ff076eb10a4d9b41ca1ce
tx broadcasted: 0xf36151433ce8d6454cc76ee46d2ed2e27fb964e7663f27a449dfdda35e70506a
0xf36151433ce8d6454cc76ee46d2ed2e27fb964e7663f27a449dfdda35e70506a mined in block 0xb049c5fa1d63587f185a03aaa3704dfa84b60df00e625fbd384d76a10894333f!
Deploying on Ethereum with salt: 5263fc884bc7094a8dd6c614746e7d42bc06aff240a23540cca5b057d5384344
tx broadcasted: 0x505231f8df488c332871e785e71286f0bfc6fb49e8e605952684e25ef703daf9
0x505231f8df488c332871e785e71286f0bfc6fb49e8e605952684e25ef703daf9 mined in block 0x18cec23d6696b42e95d782c716fd52b9391edf6be24aab2717cef360b2368eea!
Deploying on Ethereum with salt: 6c1ed5a4e3ffcc67e7f2be664d185f6b8c415b54bac4868d95d7490c38236875
tx broadcasted: 0xced63729517e29dbd8df27d49302f04ccf02a1d5e2483efe37b65fdde1227249
0xced63729517e29dbd8df27d49302f04ccf02a1d5e2483efe37b65fdde1227249 mined in block 0xaf4eb0108204e48750e78224d41a51ab5a595be0d472176c859876ff69097cff!
Deploying on Ethereum with salt: 0d529a8f69396bfd736d1e560e16cee4a2f41f757be01ef4e2feb4f49e8280ef
tx broadcasted: 0xe97906d5af411202d7c6f297713fbd937a33420c35fcde6366a47519214cad26
0xe97906d5af411202d7c6f297713fbd937a33420c35fcde6366a47519214cad26 mined in block 0x5297f360e632f40e3d2b66022c079f9e2590f15f3214cd40dfd40c53f3612c67!
