tx broadcasted: 0x415fb00d3b487a3ecf38276c866b38dfbcc1a75ba0c75049f664d853d28e3510
/usr/lib/python3.11/functools.py:1001: UserWarning: debug_traceTransaction not available! titanoboa will try hard to interact with the network, but this means that titanoboa is not able to do certain safety checks at runtime. it is recommended to switch to a node or provider with debug_traceTransaction.
  val = self.func(instance)
0x415fb00d3b487a3ecf38276c866b38dfbcc1a75ba0c75049f664d853d28e3510 mined in block 0x436fab36cb6a92d03b64db9aa7488aba666c65a3a379a0b039d3ca7549474d7d!
contract deployed at 0x98C391EC9D4b8e6a25A6F375d316e82506efBcF7
tx broadcasted: 0x4834eb23e594c564c1ad247e5cee2959d735e95000414215b2e491f376fc7993
0x4834eb23e594c564c1ad247e5cee2959d735e95000414215b2e491f376fc7993 mined in block 0x9a519a080a8ba9e901a07e4adcae0d2b49b2aee3d3123f637f369b952963c3f6!
contract deployed at 0x97223D110fbBa277155E0eF869900DeBb7FE1B6e
tx broadcasted: 0x86598eb90cc29e15c3b5dff313419de5c99b6a47c84b33355d95d547dde301e7
0x86598eb90cc29e15c3b5dff313419de5c99b6a47c84b33355d95d547dde301e7 mined in block 0x5ce386cb7bbaa981bc59d9cf6af5349af21c3b4b7cbdbf59f6513480acfcb586!
contract deployed at 0x837fD0c38792620aC871055B2f43D3F61809e0f2
tx broadcasted: 0x48445c9950162fdf4fb6906d303837ce513c90721f8d269f0dce82f940b345a9
0x48445c9950162fdf4fb6906d303837ce513c90721f8d269f0dce82f940b345a9 mined in block 0x962068ee2d0fb189bb2df924cb4ce2dd7bbf2662247a072759c3f321cebcdc58!
contract deployed at 0x271eA597a95aF4f20FA61B0D77cB38E2fBBe8Ed9
tx broadcasted: 0xab41fceac5b12e4b3c50ae89f313319d373ba9cb5dc04ee82f71976104755546
0xab41fceac5b12e4b3c50ae89f313319d373ba9cb5dc04ee82f71976104755546 mined in block 0xc914b88d9ca7b1dc187a443f83ca10a3f5f936847ef41b2f4eaee4069b13c1d1!
contract deployed at 0xDa39894132ADC64E7d3B5Ca20B85C9bfb2b494db
tx broadcasted: 0x94db20a07f4cb3819f51c0ef81d9b1cc1e6450120a97df27777dbfdfbf622aa0
0x94db20a07f4cb3819f51c0ef81d9b1cc1e6450120a97df27777dbfdfbf622aa0 mined in block 0x19e4f022120133a3d30315c2f51050a6a7e1b9d96ad2668ec11fe1ea004924ee!
contract deployed at 0x30D1859DaD5A52aE03B6e259d1b48c4b12933993
Deployed contracts:
==========================
AMM implementation: 0x98C391EC9D4b8e6a25A6F375d316e82506efBcF7
Controller implementation: 0x97223D110fbBa277155E0eF869900DeBb7FE1B6e
Vault implementation: 0x837fD0c38792620aC871055B2f43D3F61809e0f2
Pool price oracle implementation: 0x271eA597a95aF4f20FA61B0D77cB38E2fBBe8Ed9
Monetary Policy implementation: 0xDa39894132ADC64E7d3B5Ca20B85C9bfb2b494db
Factory: 0x30D1859DaD5A52aE03B6e259d1b48c4b12933993
==========================
tx broadcasted: 0x86d6cfe2ea8b5daf96ad2198fe1ddd45af737aa47ca8a229845295bd696ca42e
0x86d6cfe2ea8b5daf96ad2198fe1ddd45af737aa47ca8a229845295bd696ca42e mined in block 0xa9175b002aa57b811aa1f5f55fff69cf93a112bfe54986e78b789aa9d4efad66!
/home/michwill/Projects/stableswap/curve-stablecoin/.deploy/lib/python3.11/site-packages/boa/contracts/vyper/vyper_contract.py:1030: UserWarning: local fork did not match node! this indicates state got out of sync with the network or a bug in titanoboa!
  computation = self.env.execute_code(
tx broadcasted: 0x87a6ae8202f45e627d2659d63abec222662a1dc008992387a69cb741cacb35db
0x87a6ae8202f45e627d2659d63abec222662a1dc008992387a69cb741cacb35db mined in block 0x69e02bfd672981a0074c26142227c175f4f92f09bead288871b1799f0a8504c5!
Error 'NoneType' object has no attribute 'parent' is not error?
Vault wS: 0x06f05E53Af450B9D0e74d98FCd7Bf133b79960B4, salt: ae351ec1db80b73e5317dc10b09da8e43fa21a414fbd721a1557b034560bd511
tx broadcasted: 0x6457b2c8bef5c083a3e4f4709d39aeabd6009aaf603ab359ff5a52595ea1a8ab
0x6457b2c8bef5c083a3e4f4709d39aeabd6009aaf603ab359ff5a52595ea1a8ab mined in block 0x0beb4ee645c7a85056031bce91b63996e37f83e4e49a306c17e357ee4461ba54!
tx broadcasted: 0x991a7ecb278b5f615e81da8028e35ff55dfc9952b7c38d829c7a0674b7abee6c
0x991a7ecb278b5f615e81da8028e35ff55dfc9952b7c38d829c7a0674b7abee6c mined in block 0xcb05db63850ddc82baf7f82971de57e8377e211d7aa823fa3a954720d314ae7b!
Error 'NoneType' object has no attribute 'parent' is not error?
Vault stS: 0xB5D5D534a4a9f38A7bfc3daCcc5915c219536B1C, salt: 96d24016fda1d74def362782ffe7747113fa5b8f3820fa2b628c36ee85745ebb
tx broadcasted: 0x568e3c78ad43eaa2ad11bb5297b5dd8ca51bddee1ed4268e37fb09dd7f05985b
0x568e3c78ad43eaa2ad11bb5297b5dd8ca51bddee1ed4268e37fb09dd7f05985b mined in block 0xd95bd679c65c5993051b60c15d4d9853b5626475d377d9d5c2f94a5575cf33a3!
tx broadcasted: 0x2ab199db6e05cfa58be1cabae5323bbb2113990e9dedca6d03e37d4e1fac1435
0x2ab199db6e05cfa58be1cabae5323bbb2113990e9dedca6d03e37d4e1fac1435 mined in block 0x01a07260fb7e56c40c708e816e470f246cedfe90d1b2ecefcd46736665e2d86a!
Error 'NoneType' object has no attribute 'parent' is not error?
Vault wOS: 0x1756D98F9Ae145Bf9c696646CA09a57F78eacF11, salt: 796ec0efc8f8af6ba703a5b1f8829910781556e6eddd9ea52ec4b402dcdf59b0
tx broadcasted: 0x781c5833500ee74e1e8fded71089fae254a9cc7f08758b1e9fad0f9ff4a07374
0x781c5833500ee74e1e8fded71089fae254a9cc7f08758b1e9fad0f9ff4a07374 mined in block 0x9313045766d31d8e7057966aeb4d21825312a19845b22b152a5fd96d59763eeb!
tx broadcasted: 0x64d2698e5d594135f9ef58cc1483a101d42faff8f7baa7ef27037ea48c88a62d
0x64d2698e5d594135f9ef58cc1483a101d42faff8f7baa7ef27037ea48c88a62d mined in block 0x917aba429b3cdd6bbedd532088ec86035ce7fc307b2d02af99b7edffa878d1cc!
Error 'NoneType' object has no attribute 'parent' is not error?
Vault scETH: 0xc76f140D3153B9C9aE7cD86015C4e17CE1Ed7190, salt: 8f55ee27b2a3e59047b4108882bbebd3bb4977e29014b6029a9a476b4a90d7a6
tx broadcasted: 0x5441a574711e29857f6bee41dabfa1b9cc9a57a82d0754b957097d59b7637cdb
0x5441a574711e29857f6bee41dabfa1b9cc9a57a82d0754b957097d59b7637cdb mined in block 0x7a7e5f254e350cc027307c426529f6d8ec9228a24f658ba53a7e1dc65a48f7d7!
tx broadcasted: 0xa1674adbec5f72c038a9d47aee2c5dae596335136b52d4944e8a28957e258b5b
0xa1674adbec5f72c038a9d47aee2c5dae596335136b52d4944e8a28957e258b5b mined in block 0xe20cd1773b2f6773c037bb84c9307c5287477eef43247ec4d2bb6807e39538bc!
Error 'NoneType' object has no attribute 'parent' is not error?
Vault scUSD: 0x6A6A02F458169EDb878041C578B09373a65E8364, salt: dd47333d339c1a959718371055c6901c3e6ee2c9ea2116e59fd79c85d2591ec3
Deploying on Ethereum wS with salt: ae351ec1db80b73e5317dc10b09da8e43fa21a414fbd721a1557b034560bd511
tx broadcasted: 0xdae77219384f98296004acb7ab08bf239dea5c9ec35523e9d02860568a6499a2
Maybe Timed out waiting for (0xdae77219384f98296004acb7ab08bf239dea5c9ec35523e9d02860568a6499a2) is also success? All RPCs are complete shit, get Vitalik on the line
Deploying on Ethereum stS with salt: 96d24016fda1d74def362782ffe7747113fa5b8f3820fa2b628c36ee85745ebb
Maybe -32000: INTERNAL_ERROR: could not replace existing tx is also success? All RPCs are complete shit, get Vitalik on the line
Deploying on Ethereum wOS with salt: 796ec0efc8f8af6ba703a5b1f8829910781556e6eddd9ea52ec4b402dcdf59b0
tx broadcasted: 0x23a2b4c36cb4795f6b02df1deffa98e70bbe548718b1b4f24098ebf7c3eb0bb9
Maybe Timed out waiting for (0x23a2b4c36cb4795f6b02df1deffa98e70bbe548718b1b4f24098ebf7c3eb0bb9) is also success? All RPCs are complete shit, get Vitalik on the line
Deploying on Ethereum scETH with salt: 8f55ee27b2a3e59047b4108882bbebd3bb4977e29014b6029a9a476b4a90d7a6
tx broadcasted: 0x2f0a2f812fd0f0d9b968485d63e8d84692e5c390ae640c6e3a91d5000a215b2f
0x2f0a2f812fd0f0d9b968485d63e8d84692e5c390ae640c6e3a91d5000a215b2f mined in block 0x9750a6fcaf37c096c18b0f5a2068cb11a717a2f3559c8fc6fbeeef3e3f19e2d6!
Deploying on Ethereum scUSD with salt: dd47333d339c1a959718371055c6901c3e6ee2c9ea2116e59fd79c85d2591ec3
tx broadcasted: 0x2960e0b70ed752efe6366adf164577776a880112a13cea1be0666d9788382c85
0x2960e0b70ed752efe6366adf164577776a880112a13cea1be0666d9788382c85 mined in block 0x6b757caadbbf68c162401e5a605e513f773d1585dab7ec5b0992c85145c8379f!

