tx broadcasted: 0x67d41f68630228daffb31f1d9ad91213bd21d1d959d91bfcb9a6ca9c8ac54289
/usr/lib/python3.11/functools.py:1001: UserWarning: debug_traceTransaction not available! titanoboa will try hard to interact with the network, but this means that titanoboa is not able to do certain safety checks at runtime. it is recommended to switch to a node or provider with debug_traceTransaction.
  val = self.func(instance)
0x67d41f68630228daffb31f1d9ad91213bd21d1d959d91bfcb9a6ca9c8ac54289 mined in block 0x61fa65cf02c8305f0f09fbb8909bfa038a22edd9e0072743a03e85f1e51889b2!
contract deployed at 0x2631F1942FEB5C6407f98Ca0a50053031d7510c3
tx broadcasted: 0x92b3693838d270a8890f12179cd19b01f9b69ed98adb263466620251e0644604
0x92b3693838d270a8890f12179cd19b01f9b69ed98adb263466620251e0644604 mined in block 0x61f2d8a5a3e051966b4ebe74bed989152e8a56313c991477ac327bcba41fb637!
contract deployed at 0xD603a7ff6e6213aC86750A2B84D3b15Ed210e392
tx broadcasted: 0x558e0b7e5ac052ea94bea275d1663b71e4edecf8120371a4181e34aa4df96314
0x558e0b7e5ac052ea94bea275d1663b71e4edecf8120371a4181e34aa4df96314 mined in block 0xe07a6e546f4624e7018998c585d689f8024b4f24d6af5c38b5bd9d572f09c712!
contract deployed at 0x2287b7b2bF3d82c3ecC11ca176F4B4F35f920775
tx broadcasted: 0x78e412a0f49afe01b4a7fe266dd714ef736e6e45b301cfcc81b0c553c34c35cd
0x78e412a0f49afe01b4a7fe266dd714ef736e6e45b301cfcc81b0c553c34c35cd mined in block 0xb20f6e3713ab5a19aa203ea5c0f2e58911460d3acaab76bb3ea7e596411e4877!
contract deployed at 0x5404ef006ea4d340A954fA392333509654E3C950
tx broadcasted: 0xb9566208d6f8d592db426ecdc58200ffdb9b5f397305e34ac82e12d36f618517
0xb9566208d6f8d592db426ecdc58200ffdb9b5f397305e34ac82e12d36f618517 mined in block 0xb2f90545c4e41f84114b5b0281b4db5a7098b5d856c459c072f3e3bec67987ef!
contract deployed at 0x8fA5B216031797E163a40c17c709777C1669AbEd
tx broadcasted: 0x684c1c9b4a2f12078d3fac34103795f5ed5ac6e1a660052c68f692c668779407
0x684c1c9b4a2f12078d3fac34103795f5ed5ac6e1a660052c68f692c668779407 mined in block 0xf161c233428468023ab749d0c787542bb11a87bc0fd651cd8fcc4155a6878cdb!
contract deployed at 0x096c40d7CE44a981B6d74F2d6B3D5bC7CbD02bB1
Deployed contracts:
==========================
AMM implementation: 0x2631F1942FEB5C6407f98Ca0a50053031d7510c3
Controller implementation: 0xD603a7ff6e6213aC86750A2B84D3b15Ed210e392
Vault implementation: 0x2287b7b2bF3d82c3ecC11ca176F4B4F35f920775
Pool price oracle implementation: 0x5404ef006ea4d340A954fA392333509654E3C950
Monetary Policy implementation: 0x8fA5B216031797E163a40c17c709777C1669AbEd
Factory: 0x096c40d7CE44a981B6d74F2d6B3D5bC7CbD02bB1
==========================
tx broadcasted: 0x5ec2787d9f504deaf026a289d8767e511d101e465e6e384546c65d6d8d6ae50d
0x5ec2787d9f504deaf026a289d8767e511d101e465e6e384546c65d6d8d6ae50d mined in block 0x94af530cbd43f963bf59c69bf0d31cef633373b5f13822d2296969d7cbd97f0f!
/home/michwill/Projects/stableswap/curve-stablecoin/.deploy/lib/python3.11/site-packages/boa/contracts/vyper/vyper_contract.py:1030: UserWarning: local fork did not match node! this indicates state got out of sync with the network or a bug in titanoboa!
  computation = self.env.execute_code(
tx broadcasted: 0x9cc0a69948b4481b081d195b3a58e885454623cd361ce070209ef93781418f6d
0x9cc0a69948b4481b081d195b3a58e885454623cd361ce070209ef93781418f6d mined in block 0x15f06bea9b14bfb8c26658eab022296c2ea4e3184da4d3caa322712e2c38abab!
Error 'NoneType' object has no attribute 'parent' is not error?
Vault wS: 0x65F06695F92c6cB3D568CAF12B78453F0BcFCbd9, salt: f76bb48eb9cb5b1f84b9feb39ad1b5ec819b0981cd4fa7e48da7cfb734e0e8a2
tx broadcasted: 0x3cb5298ab7dbc66c40106c74d8a9dd73238470883e2306398f4a2f2d26b560bd
0x3cb5298ab7dbc66c40106c74d8a9dd73238470883e2306398f4a2f2d26b560bd mined in block 0x5b4d0d83e2ddb1d3358419b8c04f94d32160517c0eb522c4c4f0a770bbe8b1ec!
tx broadcasted: 0x323a458f6225f34ade321e9aba69ae138069aea7bfde497686e6046371740486
0x323a458f6225f34ade321e9aba69ae138069aea7bfde497686e6046371740486 mined in block 0x8e93fecbe2ef5378d974e2423f347ed4cf5445fee5025d7ce24bd0866dec840c!
Error 'NoneType' object has no attribute 'parent' is not error?
Vault stS: 0xCC6f053a468aC9C1668F353d38350f519d334F68, salt: dabc0835bea734a72c50368f636dfadc83e1b13c1d6c526d44e2ed5ba33a6163
tx broadcasted: 0x77a37cdbff96cc47ad39428ebbe36f23cded1a43a8aafc5ed44113332a3db230
0x77a37cdbff96cc47ad39428ebbe36f23cded1a43a8aafc5ed44113332a3db230 mined in block 0x482cb9f90490fd47463e7c4911922c50427f17e6a5566e49f902126ab0665fbc!
tx broadcasted: 0x6780e0a35ce39165e8b956cdaf32a015acb5c8b094fe459b3827c204f6d3f25d
0x6780e0a35ce39165e8b956cdaf32a015acb5c8b094fe459b3827c204f6d3f25d mined in block 0x1248fe2bdc17db1d57143b1296034bdff9d6acba28bd228bd0ac2703adc35339!
Error 'NoneType' object has no attribute 'parent' is not error?
Vault wOS: 0x398C3F42eC231e40445e17545D2E1e7b7292acDC, salt: aa4c9b2b50d4a23a0eeb2e5ced26e8810723c039fdaf8cc4e93346d8b33e10ab
tx broadcasted: 0xad3d3ac23ead23fa87724b32898aadbbb59c3a0d8633822461e6c3bb18a80d67
0xad3d3ac23ead23fa87724b32898aadbbb59c3a0d8633822461e6c3bb18a80d67 mined in block 0xef89b35056c894407ed7289f1e0976100bc13c82a42fb9c3725e89791a044013!
tx broadcasted: 0xf1735860598379900589c20e14ed8545e0e10df5f3d2acbecf47b9bf2949d969
0xf1735860598379900589c20e14ed8545e0e10df5f3d2acbecf47b9bf2949d969 mined in block 0xffeb58f0589a2d4498132905434bd2a2f40df68b6361d434f96ac11ccc687b39!
Error 'NoneType' object has no attribute 'parent' is not error?
Vault scETH: 0xD68a5d89d0bFB6229861178F1Aa7EE4A67037B4C, salt: 610971d52fcb918fa921934902efcb33c21e4c5efdd1d7de913d7696c6b30ef8
tx broadcasted: 0x522fa441317150a89fd2c6feeeda487b43784b40840b80bde8d738fb88395f67
0x522fa441317150a89fd2c6feeeda487b43784b40840b80bde8d738fb88395f67 mined in block 0xd4807916166f86d327f349dd9302aed094fa7fda80ddb3f36c47d5c9f0636441!
tx broadcasted: 0xf26ef2d15167feb3112f3b649e61dbef13a2ca248fb8c50a23b22fc5ba7eb06b
0xf26ef2d15167feb3112f3b649e61dbef13a2ca248fb8c50a23b22fc5ba7eb06b mined in block 0x2f356f67584ce1cc55cd942f18ea1ec92a17aefa83a26ece1978c0fbedd8f4c4!
Error 'NoneType' object has no attribute 'parent' is not error?
Vault scUSD: 0xc7F6Ee9CCd73c180515722b4803f25587ECFC24f, salt: 0090c380157938101863e83f3c91ab54b041203dd0e3f0cfcff255f1f9a11885
Deploying on Ethereum with salt: f76bb48eb9cb5b1f84b9feb39ad1b5ec819b0981cd4fa7e48da7cfb734e0e8a2
tx broadcasted: 0xab6b0350decc4f98b8350bde79d8fa4d43cbcaba47327562a786a7b911916138
0xab6b0350decc4f98b8350bde79d8fa4d43cbcaba47327562a786a7b911916138 mined in block 0xe38d4958f22e41624464c96a03fadf27a0effb3b6140faeee3d0add5d2125a88!
Deploying on Ethereum with salt: dabc0835bea734a72c50368f636dfadc83e1b13c1d6c526d44e2ed5ba33a6163
tx broadcasted: 0xef5c292c8240df8cf66b2e7d384f42d36cdee9b13cd9f88703656464ea951aa3
0xef5c292c8240df8cf66b2e7d384f42d36cdee9b13cd9f88703656464ea951aa3 mined in block 0x92ac85eaf238521780570e69a199bd3221b71d98b974c0ceced2074021da9844!
Deploying on Ethereum with salt: aa4c9b2b50d4a23a0eeb2e5ced26e8810723c039fdaf8cc4e93346d8b33e10ab
tx broadcasted: 0x183b2cc18e5a8610cd346be1cd39a8efbd14c7e746321ef5e588e6bc5a7bed3d
0x183b2cc18e5a8610cd346be1cd39a8efbd14c7e746321ef5e588e6bc5a7bed3d mined in block 0x4abffa9b0c3e565a8d54ebeb578b90336ef84bcfe2642124b216692df52f5651!
Deploying on Ethereum with salt: 610971d52fcb918fa921934902efcb33c21e4c5efdd1d7de913d7696c6b30ef8
tx broadcasted: 0xc5e5eb838ad50d0d752d3745542ac04df2e7cb454bf01c017dd464a20fa7b5e0
/home/michwill/Projects/stableswap/curve-stablecoin/.deploy/lib/python3.11/site-packages/boa/network.py:296: UserWarning: Couldn't get a trace for 0xc5e5eb838ad50d0d752d3745542ac04df2e7cb454bf01c017dd464a20fa7b5e0! If you want to suppress this error, call `boa.env.suppress_debug_tt()` first.
  receipt, trace = self._send_txn(
Maybe -32601: the method debug_traceTransaction does not exist/is not available is also success? All RPCs are complete shit, get Vitalik on the line
Deploying on Ethereum with salt: 0090c380157938101863e83f3c91ab54b041203dd0e3f0cfcff255f1f9a11885
tx broadcasted: 0xd9b15dd9cd56cb16977024db29643132972eb00a6bfb19f72de294ffb0b7bb28
0xd9b15dd9cd56cb16977024db29643132972eb00a6bfb19f72de294ffb0b7bb28 mined in block 0x9988fafa339cf3daaebdcded817eea0091096f43060699959d9b2222df7ff282!
